#
# There is insufficient memory for the Java Runtime Environment to continue.
# Native memory allocation (malloc) failed to allocate 303056 bytes for Chunk::new
# Possible reasons:
#   The system is out of physical RAM or swap space
#   The process is running with CompressedOops enabled, and the Java Heap may be blocking the growth of the native heap
# Possible solutions:
#   Reduce memory load on the system
#   Increase physical memory or swap space
#   Check if swap backing store is full
#   Decrease Java heap size (-Xmx/-Xms)
#   Decrease number of Java threads
#   Decrease Java thread stack sizes (-Xss)
#   Set larger code cache with -XX:ReservedCodeCacheSize=
#   JVM is running with Unscaled Compressed Oops mode in which the Java heap is
#     placed in the first 4GB address space. The Java Heap base address is the
#     maximum limit for the native heap growth. Please use -XX:HeapBaseMinAddress
#     to set the Java Heap base and to place the Java Heap above 4GB virtual address.
# This output file may be truncated or incomplete.
#
#  Out of Memory Error (./src/hotspot/share/memory/arena.cpp:197), pid=16864, tid=13876
#
# JRE version: OpenJDK Runtime Environment (11.0.8+10) (build 11.0.8+10-b944.6842174)
# Java VM: OpenJDK 64-Bit Server VM (11.0.8+10-b944.6842174, mixed mode, tiered, compressed oops, g1 gc, windows-amd64)
# No core dump will be written. Minidumps are not enabled by default on client versions of Windows
#

---------------  S U M M A R Y ------------

Command Line: --add-opens=java.base/java.util=ALL-UNNAMED --add-opens=java.base/java.lang=ALL-UNNAMED --add-opens=java.base/java.lang.invoke=ALL-UNNAMED --add-opens=java.prefs/java.util.prefs=ALL-UNNAMED -Xmx2048m -Dfile.encoding=UTF-8 -Duser.country=CN -Duser.language=zh -Duser.variant org.gradle.launcher.daemon.bootstrap.GradleDaemon 6.7.1

Host: Intel(R) Core(TM) i5-10400F CPU @ 2.90GHz, 12 cores, 15G,  Windows 10 , 64 bit Build 19041 (10.0.19041.1023)
Time: Fri Jul 30 14:26:32 2021 中国标准时间 elapsed time: 61 seconds (0d 0h 1m 1s)

---------------  T H R E A D  ---------------

Current thread (0x0000025caf283000):  JavaThread "C2 CompilerThread0" daemon [_thread_in_native, id=13876, stack(0x000000d39a500000,0x000000d39a600000)]


Current CompileTask:
C2:  61499 12782 %     4       java.util.Properties$LineReader::readLine @ 224 (635 bytes)

Stack: [0x000000d39a500000,0x000000d39a600000]
Native frames: (J=compiled Java code, j=interpreted, Vv=VM code, C=native code)
V  [jvm.dll+0x5de50a]
V  [jvm.dll+0x7122f5]
V  [jvm.dll+0x71384d]
V  [jvm.dll+0x713f03]
V  [jvm.dll+0x23e728]
V  [jvm.dll+0xb899c]
V  [jvm.dll+0xb8e9c]
V  [jvm.dll+0x35020b]
V  [jvm.dll+0x31dea3]
V  [jvm.dll+0x31d39a]
V  [jvm.dll+0x1f7702]
V  [jvm.dll+0x1f68d4]
V  [jvm.dll+0x17f32c]
V  [jvm.dll+0x205047]
V  [jvm.dll+0x203891]
V  [jvm.dll+0x6dad3f]
V  [jvm.dll+0x6d3895]
V  [jvm.dll+0x5dd4a6]
C  [ucrtbase.dll+0x21bb2]
C  [KERNEL32.DLL+0x17034]
C  [ntdll.dll+0x52651]


---------------  P R O C E S S  ---------------

Threads class SMR info:
_java_thread_list=0x0000025cb5dca150, length=173, elements={
0x0000025c9425c800, 0x0000025caf20c000, 0x0000025caf20d000, 0x0000025caf281800,
0x0000025caf282800, 0x0000025caf283000, 0x0000025caf292800, 0x0000025caf29e000,
0x0000025caf407000, 0x0000025caf421800, 0x0000025cb006f000, 0x0000025cafcc6800,
0x0000025cb0681800, 0x0000025cb0c5f800, 0x0000025cb0f58800, 0x0000025cb0e26000,
0x0000025cb0e27800, 0x0000025cb0e29000, 0x0000025cb0e2b000, 0x0000025cb0e2b800,
0x0000025cb3ef9000, 0x0000025cb3f00800, 0x0000025cb3f01000, 0x0000025cb3f02000,
0x0000025cb3f02800, 0x0000025cb3e16000, 0x0000025cb3e18800, 0x0000025cb3e17800,
0x0000025cb3e17000, 0x0000025cb3e1c800, 0x0000025cb3e1d800, 0x0000025cb3e1e000,
0x0000025cb3e1b000, 0x0000025cb3e19000, 0x0000025cb3e1f000, 0x0000025cb3e20000,
0x0000025cb3e1a000, 0x0000025cb3e21800, 0x0000025cb3e20800, 0x0000025cb3e1b800,
0x0000025cb3e22000, 0x0000025cb3e23000, 0x0000025cb3e24000, 0x0000025cb3e24800,
0x0000025cb3d51000, 0x0000025cb3d4f800, 0x0000025cb3d52000, 0x0000025cb3d52800,
0x0000025cb3d53800, 0x0000025cb3d4e000, 0x0000025cb3d50000, 0x0000025cb3d54800,
0x0000025cb3d4e800, 0x0000025cb3d56000, 0x0000025cb3d58800, 0x0000025cb3d55000,
0x0000025cb3d59000, 0x0000025cb3d5b800, 0x0000025cb3d5b000, 0x0000025cb3d5a000,
0x0000025cb3d57000, 0x0000025cb3d57800, 0x0000025cb3d5c800, 0x0000025cb366c000,
0x0000025cb366c800, 0x0000025cb366f000, 0x0000025cb3672800, 0x0000025cb3670800,
0x0000025cb366d800, 0x0000025cb3670000, 0x0000025cb3671800, 0x0000025cb366e000,
0x0000025cb3673000, 0x0000025cb3679000, 0x0000025cb3679800, 0x0000025cb3674000,
0x0000025cb3674800, 0x0000025cb3675800, 0x0000025cb3676800, 0x0000025cb367a800,
0x0000025cb3677000, 0x0000025cb3678000, 0x0000025cb3eb0800, 0x0000025cb3eb2000,
0x0000025cb3eb3000, 0x0000025cb3ead800, 0x0000025cb3eb4000, 0x0000025cb3eae000,
0x0000025cb3eb1800, 0x0000025cb3eaf000, 0x0000025cb3eb4800, 0x0000025cb3eb5800,
0x0000025cb3eaf800, 0x0000025cb3eba800, 0x0000025cb3ebc000, 0x0000025cb3ebb000,
0x0000025cb3eb6800, 0x0000025cb3eb9800, 0x0000025cb3eb7000, 0x0000025cb3eb8000,
0x0000025cb3eb8800, 0x0000025cb35ae000, 0x0000025cb35af000, 0x0000025cb35b0000,
0x0000025cb35b5000, 0x0000025cb35b2800, 0x0000025cb35b1800, 0x0000025cb35b3000,
0x0000025cb35b4000, 0x0000025cb35b5800, 0x0000025cb35b6800, 0x0000025cb35b0800,
0x0000025cb35b7000, 0x0000025cb35b8000, 0x0000025cb35ba800, 0x0000025cb35bb800,
0x0000025cb35bc000, 0x0000025cb35b9800, 0x0000025cb35bd000, 0x0000025cb35b9000,
0x0000025cb419e000, 0x0000025cb41a0800, 0x0000025cb419d000, 0x0000025cb419f000,
0x0000025cb419b800, 0x0000025cb419c800, 0x0000025cb419f800, 0x0000025cb419b000,
0x0000025cb41a5800, 0x0000025cb41a4800, 0x0000025cb41a6000, 0x0000025cb41a7000,
0x0000025cb41a1800, 0x0000025cb41a3800, 0x0000025cb41a3000, 0x0000025cb41a8000,
0x0000025cb41a9800, 0x0000025cb8b33800, 0x0000025cb8b35800, 0x0000025cb8b36000,
0x0000025cb8b37000, 0x0000025cb8b38000, 0x0000025cb8b32000, 0x0000025cb8b3a000,
0x0000025cb8b3d800, 0x0000025cb8b3e800, 0x0000025cb8b38800, 0x0000025cb8b3f000,
0x0000025cb8b3c000, 0x0000025cb8b39800, 0x0000025cb8b3b000, 0x0000025cb8b45800,
0x0000025cb8b45000, 0x0000025cb8b44000, 0x0000025cb8b40000, 0x0000025cb8b46800,
0x0000025cb8b40800, 0x0000025cb8b47800, 0x0000025cb8b41800, 0x0000025cb8b43000,
0x0000025cb8b48000, 0x0000025cb8b42800, 0x0000025cb8b4e000, 0x0000025cb8b4d000,
0x0000025cb8b4e800, 0x0000025cb8b4a800, 0x0000025cb8b49800, 0x0000025cb8b49000,
0x0000025cb8b4b800, 0x0000025cb8b4f800, 0x0000025cb8b50800, 0x0000025cb8b51000,
0x0000025cb8b4c000
}

Java Threads: ( => current thread )
  0x0000025c9425c800 JavaThread "main" [_thread_blocked, id=9244, stack(0x000000d399a00000,0x000000d399b00000)]
  0x0000025caf20c000 JavaThread "Reference Handler" daemon [_thread_blocked, id=4004, stack(0x000000d39a100000,0x000000d39a200000)]
  0x0000025caf20d000 JavaThread "Finalizer" daemon [_thread_blocked, id=3900, stack(0x000000d39a200000,0x000000d39a300000)]
  0x0000025caf281800 JavaThread "Signal Dispatcher" daemon [_thread_blocked, id=17364, stack(0x000000d39a300000,0x000000d39a400000)]
  0x0000025caf282800 JavaThread "Attach Listener" daemon [_thread_blocked, id=1364, stack(0x000000d39a400000,0x000000d39a500000)]
=>0x0000025caf283000 JavaThread "C2 CompilerThread0" daemon [_thread_in_native, id=13876, stack(0x000000d39a500000,0x000000d39a600000)]
  0x0000025caf292800 JavaThread "C1 CompilerThread0" daemon [_thread_blocked, id=3772, stack(0x000000d39a600000,0x000000d39a700000)]
  0x0000025caf29e000 JavaThread "Sweeper thread" daemon [_thread_blocked, id=6924, stack(0x000000d39a700000,0x000000d39a800000)]
  0x0000025caf407000 JavaThread "Common-Cleaner" daemon [_thread_blocked, id=14476, stack(0x000000d39a800000,0x000000d39a900000)]
  0x0000025caf421800 JavaThread "Service Thread" daemon [_thread_blocked, id=3448, stack(0x000000d39a900000,0x000000d39aa00000)]
  0x0000025cb006f000 JavaThread "Daemon health stats" [_thread_blocked, id=1352, stack(0x000000d39b000000,0x000000d39b100000)]
  0x0000025cafcc6800 JavaThread "Incoming local TCP Connector on port 65426" [_thread_in_native, id=17076, stack(0x000000d39b300000,0x000000d39b400000)]
  0x0000025cb0681800 JavaThread "Daemon periodic checks" [_thread_blocked, id=14484, stack(0x000000d39b400000,0x000000d39b500000)]
  0x0000025cb0c5f800 JavaThread "Daemon" [_thread_blocked, id=4804, stack(0x000000d39b500000,0x000000d39b600000)]
  0x0000025cb0f58800 JavaThread "Daemon worker" [_thread_blocked, id=12836, stack(0x000000d39b800000,0x000000d39b900000)]
  0x0000025cb0e26000 JavaThread "Cache worker for file hash cache (C:\Users\Admin\.gradle\caches\6.7.1\fileHashes)" [_thread_blocked, id=13440, stack(0x000000d39bc00000,0x000000d39bd00000)]
  0x0000025cb0e27800 JavaThread "File lock request listener" [_thread_in_native, id=10076, stack(0x000000d39bd00000,0x000000d39be00000)]
  0x0000025cb0e29000 JavaThread "Cache worker for journal cache (C:\Users\Admin\.gradle\caches\journal-1)" [_thread_blocked, id=4884, stack(0x000000d39c400000,0x000000d39c500000)]
  0x0000025cb0e2b000 JavaThread "Cache worker for execution history cache (C:\Users\Admin\.gradle\caches\6.7.1\executionHistory)" [_thread_blocked, id=7688, stack(0x000000d39c900000,0x000000d39ca00000)]
  0x0000025cb0e2b800 JavaThread "jar transforms" [_thread_blocked, id=13228, stack(0x000000d39ca00000,0x000000d39cb00000)]
  0x0000025cb3ef9000 JavaThread "Cache worker for file content cache (C:\Users\Admin\.gradle\caches\6.7.1\fileContent)" [_thread_blocked, id=15376, stack(0x000000d39cb00000,0x000000d39cc00000)]
  0x0000025cb3f00800 JavaThread "jar transforms Thread 2" [_thread_blocked, id=17176, stack(0x000000d39d900000,0x000000d39da00000)]
  0x0000025cb3f01000 JavaThread "jar transforms Thread 3" [_thread_blocked, id=14644, stack(0x000000d39da00000,0x000000d39db00000)]
  0x0000025cb3f02000 JavaThread "jar transforms Thread 4" [_thread_blocked, id=11336, stack(0x000000d39db00000,0x000000d39dc00000)]
  0x0000025cb3f02800 JavaThread "jar transforms Thread 5" [_thread_blocked, id=15124, stack(0x000000d39dc00000,0x000000d39dd00000)]
  0x0000025cb3e16000 JavaThread "jar transforms Thread 6" [_thread_blocked, id=12796, stack(0x000000d39dd00000,0x000000d39de00000)]
  0x0000025cb3e18800 JavaThread "jar transforms Thread 7" [_thread_blocked, id=17212, stack(0x000000d39de00000,0x000000d39df00000)]
  0x0000025cb3e17800 JavaThread "jar transforms Thread 8" [_thread_blocked, id=3788, stack(0x000000d39df00000,0x000000d39e000000)]
  0x0000025cb3e17000 JavaThread "jar transforms Thread 9" [_thread_blocked, id=5960, stack(0x000000d39e000000,0x000000d39e100000)]
  0x0000025cb3e1c800 JavaThread "jar transforms Thread 10" [_thread_blocked, id=17224, stack(0x000000d39e100000,0x000000d39e200000)]
  0x0000025cb3e1d800 JavaThread "jar transforms Thread 11" [_thread_blocked, id=13236, stack(0x000000d39e200000,0x000000d39e300000)]
  0x0000025cb3e1e000 JavaThread "jar transforms Thread 12" [_thread_blocked, id=11192, stack(0x000000d39e300000,0x000000d39e400000)]
  0x0000025cb3e1b000 JavaThread "jar transforms Thread 13" [_thread_blocked, id=8912, stack(0x000000d39e400000,0x000000d39e500000)]
  0x0000025cb3e19000 JavaThread "jar transforms Thread 14" [_thread_blocked, id=6388, stack(0x000000d39e500000,0x000000d39e600000)]
  0x0000025cb3e1f000 JavaThread "jar transforms Thread 15" [_thread_blocked, id=12692, stack(0x000000d39e600000,0x000000d39e700000)]
  0x0000025cb3e20000 JavaThread "jar transforms Thread 16" [_thread_blocked, id=14808, stack(0x000000d39e700000,0x000000d39e800000)]
  0x0000025cb3e1a000 JavaThread "jar transforms Thread 17" [_thread_blocked, id=6420, stack(0x000000d39e800000,0x000000d39e900000)]
  0x0000025cb3e21800 JavaThread "jar transforms Thread 18" [_thread_blocked, id=5104, stack(0x000000d39e900000,0x000000d39ea00000)]
  0x0000025cb3e20800 JavaThread "jar transforms Thread 19" [_thread_blocked, id=5412, stack(0x000000d39ea00000,0x000000d39eb00000)]
  0x0000025cb3e1b800 JavaThread "jar transforms Thread 20" [_thread_blocked, id=15000, stack(0x000000d39eb00000,0x000000d39ec00000)]
  0x0000025cb3e22000 JavaThread "jar transforms Thread 21" [_thread_blocked, id=1852, stack(0x000000d39ec00000,0x000000d39ed00000)]
  0x0000025cb3e23000 JavaThread "jar transforms Thread 22" [_thread_blocked, id=13800, stack(0x000000d39ed00000,0x000000d39ee00000)]
  0x0000025cb3e24000 JavaThread "jar transforms Thread 23" [_thread_blocked, id=2672, stack(0x000000d39ee00000,0x000000d39ef00000)]
  0x0000025cb3e24800 JavaThread "jar transforms Thread 24" [_thread_blocked, id=16672, stack(0x000000d39ef00000,0x000000d39f000000)]
  0x0000025cb3d51000 JavaThread "jar transforms Thread 25" [_thread_blocked, id=16072, stack(0x000000d39f000000,0x000000d39f100000)]
  0x0000025cb3d4f800 JavaThread "jar transforms Thread 26" [_thread_blocked, id=10700, stack(0x000000d39f100000,0x000000d39f200000)]
  0x0000025cb3d52000 JavaThread "jar transforms Thread 27" [_thread_blocked, id=17088, stack(0x000000d39f200000,0x000000d39f300000)]
  0x0000025cb3d52800 JavaThread "jar transforms Thread 28" [_thread_blocked, id=12064, stack(0x000000d39f300000,0x000000d39f400000)]
  0x0000025cb3d53800 JavaThread "jar transforms Thread 29" [_thread_blocked, id=5016, stack(0x000000d39f400000,0x000000d39f500000)]
  0x0000025cb3d4e000 JavaThread "jar transforms Thread 30" [_thread_blocked, id=8704, stack(0x000000d39f500000,0x000000d39f600000)]
  0x0000025cb3d50000 JavaThread "jar transforms Thread 31" [_thread_blocked, id=6744, stack(0x000000d39f600000,0x000000d39f700000)]
  0x0000025cb3d54800 JavaThread "jar transforms Thread 32" [_thread_blocked, id=16656, stack(0x000000d39f700000,0x000000d39f800000)]
  0x0000025cb3d4e800 JavaThread "jar transforms Thread 33" [_thread_blocked, id=17044, stack(0x000000d39f800000,0x000000d39f900000)]
  0x0000025cb3d56000 JavaThread "jar transforms Thread 34" [_thread_blocked, id=16636, stack(0x000000d39f900000,0x000000d39fa00000)]
  0x0000025cb3d58800 JavaThread "jar transforms Thread 35" [_thread_blocked, id=12732, stack(0x000000d39fa00000,0x000000d39fb00000)]
  0x0000025cb3d55000 JavaThread "jar transforms Thread 36" [_thread_blocked, id=7244, stack(0x000000d39fb00000,0x000000d39fc00000)]
  0x0000025cb3d59000 JavaThread "jar transforms Thread 37" [_thread_blocked, id=340, stack(0x000000d39fc00000,0x000000d39fd00000)]
  0x0000025cb3d5b800 JavaThread "jar transforms Thread 38" [_thread_blocked, id=13988, stack(0x000000d39fd00000,0x000000d39fe00000)]
  0x0000025cb3d5b000 JavaThread "jar transforms Thread 39" [_thread_blocked, id=17192, stack(0x000000d39fe00000,0x000000d39ff00000)]
  0x0000025cb3d5a000 JavaThread "jar transforms Thread 40" [_thread_blocked, id=948, stack(0x000000d39ff00000,0x000000d3a0000000)]
  0x0000025cb3d57000 JavaThread "jar transforms Thread 41" [_thread_blocked, id=16040, stack(0x000000d3a0000000,0x000000d3a0100000)]
  0x0000025cb3d57800 JavaThread "jar transforms Thread 42" [_thread_blocked, id=3324, stack(0x000000d3a0100000,0x000000d3a0200000)]
  0x0000025cb3d5c800 JavaThread "jar transforms Thread 43" [_thread_blocked, id=13804, stack(0x000000d3a0200000,0x000000d3a0300000)]
  0x0000025cb366c000 JavaThread "jar transforms Thread 44" [_thread_blocked, id=12256, stack(0x000000d3a0300000,0x000000d3a0400000)]
  0x0000025cb366c800 JavaThread "jar transforms Thread 45" [_thread_blocked, id=15368, stack(0x000000d3a0400000,0x000000d3a0500000)]
  0x0000025cb366f000 JavaThread "jar transforms Thread 46" [_thread_blocked, id=9656, stack(0x000000d3a0500000,0x000000d3a0600000)]
  0x0000025cb3672800 JavaThread "jar transforms Thread 47" [_thread_blocked, id=7472, stack(0x000000d3a0600000,0x000000d3a0700000)]
  0x0000025cb3670800 JavaThread "jar transforms Thread 48" [_thread_blocked, id=11504, stack(0x000000d3a0700000,0x000000d3a0800000)]
  0x0000025cb366d800 JavaThread "jar transforms Thread 49" [_thread_blocked, id=6012, stack(0x000000d3a0800000,0x000000d3a0900000)]
  0x0000025cb3670000 JavaThread "jar transforms Thread 50" [_thread_blocked, id=11700, stack(0x000000d3a0900000,0x000000d3a0a00000)]
  0x0000025cb3671800 JavaThread "jar transforms Thread 51" [_thread_blocked, id=7548, stack(0x000000d3a0a00000,0x000000d3a0b00000)]
  0x0000025cb366e000 JavaThread "jar transforms Thread 52" [_thread_blocked, id=11628, stack(0x000000d3a0b00000,0x000000d3a0c00000)]
  0x0000025cb3673000 JavaThread "jar transforms Thread 53" [_thread_blocked, id=15672, stack(0x000000d3a0c00000,0x000000d3a0d00000)]
  0x0000025cb3679000 JavaThread "jar transforms Thread 54" [_thread_blocked, id=15028, stack(0x000000d3a0d00000,0x000000d3a0e00000)]
  0x0000025cb3679800 JavaThread "jar transforms Thread 55" [_thread_blocked, id=1648, stack(0x000000d3a0e00000,0x000000d3a0f00000)]
  0x0000025cb3674000 JavaThread "jar transforms Thread 56" [_thread_blocked, id=1900, stack(0x000000d3a0f00000,0x000000d3a1000000)]
  0x0000025cb3674800 JavaThread "jar transforms Thread 57" [_thread_blocked, id=15460, stack(0x000000d3a1000000,0x000000d3a1100000)]
  0x0000025cb3675800 JavaThread "jar transforms Thread 58" [_thread_blocked, id=16076, stack(0x000000d3a1100000,0x000000d3a1200000)]
  0x0000025cb3676800 JavaThread "jar transforms Thread 59" [_thread_blocked, id=14612, stack(0x000000d3a1200000,0x000000d3a1300000)]
  0x0000025cb367a800 JavaThread "jar transforms Thread 60" [_thread_blocked, id=308, stack(0x000000d3a1300000,0x000000d3a1400000)]
  0x0000025cb3677000 JavaThread "jar transforms Thread 61" [_thread_blocked, id=9756, stack(0x000000d3a1400000,0x000000d3a1500000)]
  0x0000025cb3678000 JavaThread "jar transforms Thread 62" [_thread_blocked, id=12696, stack(0x000000d3a1500000,0x000000d3a1600000)]
  0x0000025cb3eb0800 JavaThread "jar transforms Thread 63" [_thread_blocked, id=616, stack(0x000000d3a1600000,0x000000d3a1700000)]
  0x0000025cb3eb2000 JavaThread "jar transforms Thread 64" [_thread_blocked, id=13316, stack(0x000000d3a1700000,0x000000d3a1800000)]
  0x0000025cb3eb3000 JavaThread "jar transforms Thread 65" [_thread_blocked, id=16728, stack(0x000000d3a1800000,0x000000d3a1900000)]
  0x0000025cb3ead800 JavaThread "jar transforms Thread 66" [_thread_blocked, id=13048, stack(0x000000d3a1900000,0x000000d3a1a00000)]
  0x0000025cb3eb4000 JavaThread "jar transforms Thread 67" [_thread_blocked, id=556, stack(0x000000d3a1a00000,0x000000d3a1b00000)]
  0x0000025cb3eae000 JavaThread "jar transforms Thread 68" [_thread_blocked, id=13516, stack(0x000000d3a1b00000,0x000000d3a1c00000)]
  0x0000025cb3eb1800 JavaThread "jar transforms Thread 69" [_thread_blocked, id=16796, stack(0x000000d3a1c00000,0x000000d3a1d00000)]
  0x0000025cb3eaf000 JavaThread "jar transforms Thread 70" [_thread_blocked, id=10384, stack(0x000000d3a1d00000,0x000000d3a1e00000)]
  0x0000025cb3eb4800 JavaThread "jar transforms Thread 71" [_thread_blocked, id=13936, stack(0x000000d3a1e00000,0x000000d3a1f00000)]
  0x0000025cb3eb5800 JavaThread "jar transforms Thread 72" [_thread_blocked, id=14900, stack(0x000000d3a1f00000,0x000000d3a2000000)]
  0x0000025cb3eaf800 JavaThread "jar transforms Thread 73" [_thread_blocked, id=14092, stack(0x000000d3a2000000,0x000000d3a2100000)]
  0x0000025cb3eba800 JavaThread "jar transforms Thread 74" [_thread_blocked, id=13744, stack(0x000000d3a2100000,0x000000d3a2200000)]
  0x0000025cb3ebc000 JavaThread "jar transforms Thread 75" [_thread_blocked, id=1152, stack(0x000000d3a2200000,0x000000d3a2300000)]
  0x0000025cb3ebb000 JavaThread "jar transforms Thread 76" [_thread_blocked, id=11896, stack(0x000000d3a2300000,0x000000d3a2400000)]
  0x0000025cb3eb6800 JavaThread "jar transforms Thread 77" [_thread_blocked, id=8672, stack(0x000000d3a2400000,0x000000d3a2500000)]
  0x0000025cb3eb9800 JavaThread "jar transforms Thread 78" [_thread_blocked, id=1728, stack(0x000000d3a2500000,0x000000d3a2600000)]
  0x0000025cb3eb7000 JavaThread "jar transforms Thread 79" [_thread_blocked, id=11000, stack(0x000000d3a2600000,0x000000d3a2700000)]
  0x0000025cb3eb8000 JavaThread "jar transforms Thread 80" [_thread_blocked, id=12876, stack(0x000000d3a2700000,0x000000d3a2800000)]
  0x0000025cb3eb8800 JavaThread "jar transforms Thread 81" [_thread_blocked, id=14816, stack(0x000000d3a2800000,0x000000d3a2900000)]
  0x0000025cb35ae000 JavaThread "jar transforms Thread 82" [_thread_blocked, id=3864, stack(0x000000d3a2900000,0x000000d3a2a00000)]
  0x0000025cb35af000 JavaThread "jar transforms Thread 83" [_thread_blocked, id=5240, stack(0x000000d3a2a00000,0x000000d3a2b00000)]
  0x0000025cb35b0000 JavaThread "jar transforms Thread 84" [_thread_blocked, id=15908, stack(0x000000d3a2b00000,0x000000d3a2c00000)]
  0x0000025cb35b5000 JavaThread "jar transforms Thread 85" [_thread_blocked, id=3504, stack(0x000000d3a2c00000,0x000000d3a2d00000)]
  0x0000025cb35b2800 JavaThread "jar transforms Thread 86" [_thread_blocked, id=12100, stack(0x000000d3a2d00000,0x000000d3a2e00000)]
  0x0000025cb35b1800 JavaThread "jar transforms Thread 87" [_thread_blocked, id=15752, stack(0x000000d3a2e00000,0x000000d3a2f00000)]
  0x0000025cb35b3000 JavaThread "jar transforms Thread 88" [_thread_blocked, id=12208, stack(0x000000d3a2f00000,0x000000d3a3000000)]
  0x0000025cb35b4000 JavaThread "jar transforms Thread 89" [_thread_blocked, id=3648, stack(0x000000d3a3000000,0x000000d3a3100000)]
  0x0000025cb35b5800 JavaThread "jar transforms Thread 90" [_thread_blocked, id=11540, stack(0x000000d3a3100000,0x000000d3a3200000)]
  0x0000025cb35b6800 JavaThread "jar transforms Thread 91" [_thread_blocked, id=12544, stack(0x000000d3a3200000,0x000000d3a3300000)]
  0x0000025cb35b0800 JavaThread "jar transforms Thread 92" [_thread_blocked, id=14500, stack(0x000000d3a3300000,0x000000d3a3400000)]
  0x0000025cb35b7000 JavaThread "jar transforms Thread 93" [_thread_blocked, id=16984, stack(0x000000d3a3400000,0x000000d3a3500000)]
  0x0000025cb35b8000 JavaThread "jar transforms Thread 94" [_thread_blocked, id=12320, stack(0x000000d3a3500000,0x000000d3a3600000)]
  0x0000025cb35ba800 JavaThread "jar transforms Thread 95" [_thread_blocked, id=16800, stack(0x000000d3a3600000,0x000000d3a3700000)]
  0x0000025cb35bb800 JavaThread "jar transforms Thread 96" [_thread_blocked, id=5532, stack(0x000000d3a3700000,0x000000d3a3800000)]
  0x0000025cb35bc000 JavaThread "jar transforms Thread 97" [_thread_blocked, id=10116, stack(0x000000d3a3800000,0x000000d3a3900000)]
  0x0000025cb35b9800 JavaThread "jar transforms Thread 98" [_thread_blocked, id=13544, stack(0x000000d3a3900000,0x000000d3a3a00000)]
  0x0000025cb35bd000 JavaThread "jar transforms Thread 99" [_thread_blocked, id=9492, stack(0x000000d3a3a00000,0x000000d3a3b00000)]
  0x0000025cb35b9000 JavaThread "jar transforms Thread 100" [_thread_blocked, id=15320, stack(0x000000d3a3b00000,0x000000d3a3c00000)]
  0x0000025cb419e000 JavaThread "jar transforms Thread 101" [_thread_blocked, id=15560, stack(0x000000d3a3c00000,0x000000d3a3d00000)]
  0x0000025cb41a0800 JavaThread "jar transforms Thread 102" [_thread_blocked, id=14916, stack(0x000000d3a3d00000,0x000000d3a3e00000)]
  0x0000025cb419d000 JavaThread "jar transforms Thread 103" [_thread_blocked, id=15616, stack(0x000000d3a3e00000,0x000000d3a3f00000)]
  0x0000025cb419f000 JavaThread "jar transforms Thread 104" [_thread_blocked, id=12648, stack(0x000000d3a3f00000,0x000000d3a4000000)]
  0x0000025cb419b800 JavaThread "jar transforms Thread 105" [_thread_blocked, id=13720, stack(0x000000d3a4000000,0x000000d3a4100000)]
  0x0000025cb419c800 JavaThread "jar transforms Thread 106" [_thread_blocked, id=14708, stack(0x000000d3a4100000,0x000000d3a4200000)]
  0x0000025cb419f800 JavaThread "jar transforms Thread 107" [_thread_blocked, id=12668, stack(0x000000d3a4200000,0x000000d3a4300000)]
  0x0000025cb419b000 JavaThread "jar transforms Thread 108" [_thread_blocked, id=16372, stack(0x000000d3a4300000,0x000000d3a4400000)]
  0x0000025cb41a5800 JavaThread "jar transforms Thread 109" [_thread_blocked, id=6288, stack(0x000000d3a4400000,0x000000d3a4500000)]
  0x0000025cb41a4800 JavaThread "jar transforms Thread 110" [_thread_blocked, id=6332, stack(0x000000d3a4500000,0x000000d3a4600000)]
  0x0000025cb41a6000 JavaThread "jar transforms Thread 111" [_thread_blocked, id=11972, stack(0x000000d3a4600000,0x000000d3a4700000)]
  0x0000025cb41a7000 JavaThread "jar transforms Thread 112" [_thread_blocked, id=7596, stack(0x000000d3a4700000,0x000000d3a4800000)]
  0x0000025cb41a1800 JavaThread "jar transforms Thread 113" [_thread_blocked, id=9584, stack(0x000000d3a4800000,0x000000d3a4900000)]
  0x0000025cb41a3800 JavaThread "jar transforms Thread 114" [_thread_blocked, id=16784, stack(0x000000d3a4900000,0x000000d3a4a00000)]
  0x0000025cb41a3000 JavaThread "jar transforms Thread 115" [_thread_blocked, id=17404, stack(0x000000d3a4a00000,0x000000d3a4b00000)]
  0x0000025cb41a8000 JavaThread "jar transforms Thread 116" [_thread_blocked, id=8504, stack(0x000000d3a4b00000,0x000000d3a4c00000)]
  0x0000025cb41a9800 JavaThread "Memory manager" [_thread_blocked, id=16116, stack(0x000000d3a4d00000,0x000000d3a4e00000)]
  0x0000025cb8b33800 JavaThread "Handler for socket connection from /127.0.0.1:65426 to /127.0.0.1:65522" [_thread_in_native, id=14592, stack(0x000000d399700000,0x000000d399800000)]
  0x0000025cb8b35800 JavaThread "Cancel handler" [_thread_blocked, id=5444, stack(0x000000d399800000,0x000000d399900000)]
  0x0000025cb8b36000 JavaThread "Asynchronous log dispatcher for DefaultDaemonConnection: socket connection from /127.0.0.1:65426 to /127.0.0.1:65522" [_thread_blocked, id=1228, stack(0x000000d399900000,0x000000d399a00000)]
  0x0000025cb8b37000 JavaThread "Stdin handler" [_thread_blocked, id=14044, stack(0x000000d39b600000,0x000000d39b700000)]
  0x0000025cb8b38000 JavaThread "Thread-173" [_thread_blocked, id=6912, stack(0x000000d39b700000,0x000000d39b800000)]
  0x0000025cb8b32000 JavaThread "Cache worker for file hash cache (D:\AndroidStudioProjects\Rank\.gradle\6.7.1\fileHashes)" [_thread_blocked, id=16644, stack(0x000000d39b900000,0x000000d39ba00000)]
  0x0000025cb8b3a000 JavaThread "Cache worker for checksums cache (D:\AndroidStudioProjects\Rank\.gradle\checksums)" [_thread_blocked, id=11748, stack(0x000000d39ba00000,0x000000d39bb00000)]
  0x0000025cb8b3d800 JavaThread "Cache worker for cache directory md-supplier (C:\Users\Admin\.gradle\caches\6.7.1\md-supplier)" [_thread_blocked, id=12092, stack(0x000000d39bb00000,0x000000d39bc00000)]
  0x0000025cb8b3e800 JavaThread "Cache worker for cache directory md-rule (C:\Users\Admin\.gradle\caches\6.7.1\md-rule)" [_thread_blocked, id=12304, stack(0x000000d39c500000,0x000000d39c600000)]
  0x0000025cb8b38800 JavaThread "Cache worker for Build Output Cleanup Cache (D:\AndroidStudioProjects\Rank\.gradle\buildOutputCleanup)" [_thread_blocked, id=12076, stack(0x000000d39c600000,0x000000d39c700000)]
  0x0000025cb8b3f000 JavaThread "Build operations" [_thread_blocked, id=12712, stack(0x000000d39c800000,0x000000d39c900000)]
  0x0000025cb8b3c000 JavaThread "Build operations Thread 2" [_thread_blocked, id=1712, stack(0x000000d39cc00000,0x000000d39cd00000)]
  0x0000025cb8b39800 JavaThread "Build operations Thread 3" [_thread_blocked, id=16440, stack(0x000000d39cd00000,0x000000d39ce00000)]
  0x0000025cb8b3b000 JavaThread "Build operations Thread 4" [_thread_blocked, id=7124, stack(0x000000d39ce00000,0x000000d39cf00000)]
  0x0000025cb8b45800 JavaThread "Build operations Thread 5" [_thread_blocked, id=15568, stack(0x000000d39cf00000,0x000000d39d000000)]
  0x0000025cb8b45000 JavaThread "Build operations Thread 6" [_thread_blocked, id=5540, stack(0x000000d39d000000,0x000000d39d100000)]
  0x0000025cb8b44000 JavaThread "Build operations Thread 7" [_thread_blocked, id=16844, stack(0x000000d39d100000,0x000000d39d200000)]
  0x0000025cb8b40000 JavaThread "Build operations Thread 8" [_thread_blocked, id=15600, stack(0x000000d39d200000,0x000000d39d300000)]
  0x0000025cb8b46800 JavaThread "Build operations Thread 9" [_thread_blocked, id=13596, stack(0x000000d39d300000,0x000000d39d400000)]
  0x0000025cb8b40800 JavaThread "Build operations Thread 10" [_thread_blocked, id=3756, stack(0x000000d39d400000,0x000000d39d500000)]
  0x0000025cb8b47800 JavaThread "Build operations Thread 11" [_thread_blocked, id=12336, stack(0x000000d39d500000,0x000000d39d600000)]
  0x0000025cb8b41800 JavaThread "Build operations Thread 12" [_thread_blocked, id=16392, stack(0x000000d39d600000,0x000000d39d700000)]
  0x0000025cb8b43000 JavaThread "build event listener" [_thread_blocked, id=2272, stack(0x000000d39d700000,0x000000d39d800000)]
  0x0000025cb8b48000 JavaThread "build event listener" [_thread_blocked, id=2176, stack(0x000000d39d800000,0x000000d39d900000)]
  0x0000025cb8b42800 JavaThread "Execution worker for ':'" [_thread_blocked, id=13676, stack(0x000000d3a4c00000,0x000000d3a4d00000)]
  0x0000025cb8b4e000 JavaThread "Execution worker for ':' Thread 2" [_thread_blocked, id=7956, stack(0x000000d3a5200000,0x000000d3a5300000)]
  0x0000025cb8b4d000 JavaThread "Execution worker for ':' Thread 3" [_thread_blocked, id=5184, stack(0x000000d3a5300000,0x000000d3a5400000)]
  0x0000025cb8b4e800 JavaThread "Execution worker for ':' Thread 4" [_thread_blocked, id=15328, stack(0x000000d3a5400000,0x000000d3a5500000)]
  0x0000025cb8b4a800 JavaThread "Execution worker for ':' Thread 5" [_thread_blocked, id=5416, stack(0x000000d3a5500000,0x000000d3a5600000)]
  0x0000025cb8b49800 JavaThread "Execution worker for ':' Thread 6" [_thread_blocked, id=15112, stack(0x000000d3a5600000,0x000000d3a5700000)]
  0x0000025cb8b49000 JavaThread "Execution worker for ':' Thread 7" [_thread_blocked, id=5824, stack(0x000000d3a5700000,0x000000d3a5800000)]
  0x0000025cb8b4b800 JavaThread "Execution worker for ':' Thread 8" [_thread_in_native, id=704, stack(0x000000d3a5800000,0x000000d3a5900000)]
  0x0000025cb8b4f800 JavaThread "Execution worker for ':' Thread 9" [_thread_blocked, id=9748, stack(0x000000d3a5900000,0x000000d3a5a00000)]
  0x0000025cb8b50800 JavaThread "Execution worker for ':' Thread 10" [_thread_blocked, id=8632, stack(0x000000d3a5a00000,0x000000d3a5b00000)]
  0x0000025cb8b51000 JavaThread "Execution worker for ':' Thread 11" [_thread_blocked, id=9692, stack(0x000000d3a5b00000,0x000000d3a5c00000)]
  0x0000025cb8b4c000 JavaThread "Cache worker for execution history cache (D:\AndroidStudioProjects\Rank\.gradle\6.7.1\executionHistory)" [_thread_blocked, id=3380, stack(0x000000d3a5c00000,0x000000d3a5d00000)]

Other Threads:
  0x0000025caf207800 VMThread "VM Thread" [stack: 0x000000d39a000000,0x000000d39a100000] [id=9780]
  0x0000025caf44a800 WatcherThread [stack: 0x000000d39aa00000,0x000000d39ab00000] [id=15720]
  0x0000025c920bb000 GCTaskThread "GC Thread#0" [stack: 0x000000d399b00000,0x000000d399c00000] [id=11604]
  0x0000025cafd4c000 GCTaskThread "GC Thread#1" [stack: 0x000000d39ab00000,0x000000d39ac00000] [id=4720]
  0x0000025caf369000 GCTaskThread "GC Thread#2" [stack: 0x000000d39ac00000,0x000000d39ad00000] [id=12128]
  0x0000025caf369800 GCTaskThread "GC Thread#3" [stack: 0x000000d39ad00000,0x000000d39ae00000] [id=12580]
  0x0000025cafc75000 GCTaskThread "GC Thread#4" [stack: 0x000000d39ae00000,0x000000d39af00000] [id=11384]
  0x0000025cafc76000 GCTaskThread "GC Thread#5" [stack: 0x000000d39af00000,0x000000d39b000000] [id=17376]
  0x0000025cb122c000 GCTaskThread "GC Thread#6" [stack: 0x000000d39be00000,0x000000d39bf00000] [id=6436]
  0x0000025cb1219000 GCTaskThread "GC Thread#7" [stack: 0x000000d39bf00000,0x000000d39c000000] [id=9172]
  0x0000025cb1214000 GCTaskThread "GC Thread#8" [stack: 0x000000d39c000000,0x000000d39c100000] [id=16600]
  0x0000025cb038f000 GCTaskThread "GC Thread#9" [stack: 0x000000d39c100000,0x000000d39c200000] [id=5520]
  0x0000025c942a3800 ConcurrentGCThread "G1 Main Marker" [stack: 0x000000d399c00000,0x000000d399d00000] [id=592]
  0x0000025c942a8000 ConcurrentGCThread "G1 Conc#0" [stack: 0x000000d399d00000,0x000000d399e00000] [id=14128]
  0x0000025cb0122000 ConcurrentGCThread "G1 Conc#1" [stack: 0x000000d39c200000,0x000000d39c300000] [id=15520]
  0x0000025cb0097800 ConcurrentGCThread "G1 Conc#2" [stack: 0x000000d39c300000,0x000000d39c400000] [id=13508]
  0x0000025cae851800 ConcurrentGCThread "G1 Refine#0" [stack: 0x000000d399e00000,0x000000d399f00000] [id=6956]
  0x0000025cb2121800 ConcurrentGCThread "G1 Refine#1" [stack: 0x000000d3a4e00000,0x000000d3a4f00000] [id=17148]
  0x0000025cb3d04000 ConcurrentGCThread "G1 Refine#2" [stack: 0x000000d3a4f00000,0x000000d3a5000000] [id=9252]
  0x0000025cb1be6000 ConcurrentGCThread "G1 Refine#3" [stack: 0x000000d3a5000000,0x000000d3a5100000] [id=16748]
  0x0000025cb028c800 ConcurrentGCThread "G1 Refine#4" [stack: 0x000000d3a5100000,0x000000d3a5200000] [id=11884]
  0x0000025cae852000 ConcurrentGCThread "G1 Young RemSet Sampling" [stack: 0x000000d399f00000,0x000000d39a000000] [id=6596]

Threads with active compile tasks:
C2 CompilerThread0  61519 12782 %     4       java.util.Properties$LineReader::readLine @ 224 (635 bytes)

VM state:not at safepoint (normal execution)

VM Mutex/Monitor currently owned by a thread: None

Heap address: 0x0000000080000000, size: 2048 MB, Compressed Oops mode: 32-bit
Narrow klass base: 0x0000000000000000, Narrow klass shift: 3
Compressed class space size: 1073741824 Address: 0x0000000100000000

Heap:
 garbage-first heap   total 262144K, used 151509K [0x0000000080000000, 0x0000000100000000)
  region size 1024K, 73 young (74752K), 12 survivors (12288K)
 Metaspace       used 97607K, capacity 100163K, committed 100352K, reserved 1136640K
  class space    used 12304K, capacity 13202K, committed 13312K, reserved 1048576K
Heap Regions: E=young(eden), S=young(survivor), O=old, HS=humongous(starts), HC=humongous(continues), CS=collection set, F=free, A=archive, TAMS=top-at-mark-start (previous, next)
|   0|0x0000000080000000, 0x0000000080100000, 0x0000000080100000|100%| O|  |TAMS 0x0000000080100000, 0x0000000080000000| Untracked 
|   1|0x0000000080100000, 0x0000000080200000, 0x0000000080200000|100%| O|  |TAMS 0x0000000080200000, 0x0000000080100000| Untracked 
|   2|0x0000000080200000, 0x0000000080300000, 0x0000000080300000|100%| O|  |TAMS 0x0000000080300000, 0x0000000080200000| Untracked 
|   3|0x0000000080300000, 0x0000000080400000, 0x0000000080400000|100%|HS|  |TAMS 0x0000000080400000, 0x0000000080300000| Complete 
|   4|0x0000000080400000, 0x0000000080500000, 0x0000000080500000|100%|HC|  |TAMS 0x0000000080500000, 0x0000000080400000| Complete 
|   5|0x0000000080500000, 0x0000000080600000, 0x0000000080600000|100%|HC|  |TAMS 0x0000000080600000, 0x0000000080500000| Complete 
|   6|0x0000000080600000, 0x0000000080700000, 0x0000000080700000|100%| O|  |TAMS 0x0000000080700000, 0x0000000080600000| Untracked 
|   7|0x0000000080700000, 0x0000000080800000, 0x0000000080800000|100%| O|  |TAMS 0x0000000080800000, 0x0000000080700000| Untracked 
|   8|0x0000000080800000, 0x0000000080900000, 0x0000000080900000|100%| O|  |TAMS 0x0000000080900000, 0x0000000080800000| Untracked 
|   9|0x0000000080900000, 0x0000000080a00000, 0x0000000080a00000|100%| O|  |TAMS 0x0000000080a00000, 0x0000000080900000| Untracked 
|  10|0x0000000080a00000, 0x0000000080b00000, 0x0000000080b00000|100%| O|  |TAMS 0x0000000080b00000, 0x0000000080a00000| Untracked 
|  11|0x0000000080b00000, 0x0000000080c00000, 0x0000000080c00000|100%| O|  |TAMS 0x0000000080c00000, 0x0000000080b00000| Untracked 
|  12|0x0000000080c00000, 0x0000000080d00000, 0x0000000080d00000|100%| O|  |TAMS 0x0000000080d00000, 0x0000000080c00000| Untracked 
|  13|0x0000000080d00000, 0x0000000080e00000, 0x0000000080e00000|100%| O|  |TAMS 0x0000000080e00000, 0x0000000080d00000| Untracked 
|  14|0x0000000080e00000, 0x0000000080f00000, 0x0000000080f00000|100%| O|  |TAMS 0x0000000080f00000, 0x0000000080e00000| Untracked 
|  15|0x0000000080f00000, 0x0000000081000000, 0x0000000081000000|100%| O|  |TAMS 0x0000000081000000, 0x0000000080f00000| Untracked 
|  16|0x0000000081000000, 0x0000000081100000, 0x0000000081100000|100%|HS|  |TAMS 0x0000000081100000, 0x0000000081000000| Complete 
|  17|0x0000000081100000, 0x0000000081200000, 0x0000000081200000|100%|HS|  |TAMS 0x0000000081200000, 0x0000000081100000| Complete 
|  18|0x0000000081200000, 0x0000000081300000, 0x0000000081300000|100%|HC|  |TAMS 0x0000000081300000, 0x0000000081200000| Complete 
|  19|0x0000000081300000, 0x0000000081400000, 0x0000000081400000|100%|HC|  |TAMS 0x0000000081400000, 0x0000000081300000| Complete 
|  20|0x0000000081400000, 0x0000000081500000, 0x0000000081500000|100%|HS|  |TAMS 0x0000000081500000, 0x0000000081400000| Complete 
|  21|0x0000000081500000, 0x0000000081600000, 0x0000000081600000|100%|HC|  |TAMS 0x0000000081600000, 0x0000000081500000| Complete 
|  22|0x0000000081600000, 0x0000000081700000, 0x0000000081700000|100%| O|  |TAMS 0x0000000081700000, 0x0000000081600000| Untracked 
|  23|0x0000000081700000, 0x0000000081800000, 0x0000000081800000|100%| O|  |TAMS 0x0000000081800000, 0x0000000081700000| Untracked 
|  24|0x0000000081800000, 0x0000000081900000, 0x0000000081900000|100%| O|  |TAMS 0x0000000081900000, 0x0000000081800000| Untracked 
|  25|0x0000000081900000, 0x0000000081a00000, 0x0000000081a00000|100%| O|  |TAMS 0x0000000081a00000, 0x0000000081900000| Untracked 
|  26|0x0000000081a00000, 0x0000000081b00000, 0x0000000081b00000|100%| O|  |TAMS 0x0000000081a00000, 0x0000000081a00000| Untracked 
|  27|0x0000000081b00000, 0x0000000081c00000, 0x0000000081c00000|100%| O|  |TAMS 0x0000000081c00000, 0x0000000081b00000| Untracked 
|  28|0x0000000081c00000, 0x0000000081d00000, 0x0000000081d00000|100%| O|  |TAMS 0x0000000081d00000, 0x0000000081c00000| Untracked 
|  29|0x0000000081d00000, 0x0000000081e00000, 0x0000000081e00000|100%| O|  |TAMS 0x0000000081e00000, 0x0000000081d00000| Untracked 
|  30|0x0000000081e00000, 0x0000000081f00000, 0x0000000081f00000|100%| O|  |TAMS 0x0000000081f00000, 0x0000000081e00000| Untracked 
|  31|0x0000000081f00000, 0x0000000082000000, 0x0000000082000000|100%| O|  |TAMS 0x0000000082000000, 0x0000000081f00000| Untracked 
|  32|0x0000000082000000, 0x0000000082100000, 0x0000000082100000|100%| O|  |TAMS 0x0000000082100000, 0x0000000082000000| Untracked 
|  33|0x0000000082100000, 0x0000000082200000, 0x0000000082200000|100%| O|  |TAMS 0x0000000082200000, 0x0000000082100000| Untracked 
|  34|0x0000000082200000, 0x0000000082300000, 0x0000000082300000|100%| O|  |TAMS 0x0000000082300000, 0x0000000082200000| Untracked 
|  35|0x0000000082300000, 0x0000000082400000, 0x0000000082400000|100%| O|  |TAMS 0x0000000082400000, 0x0000000082300000| Untracked 
|  36|0x0000000082400000, 0x0000000082500000, 0x0000000082500000|100%| O|  |TAMS 0x0000000082500000, 0x0000000082400000| Untracked 
|  37|0x0000000082500000, 0x0000000082600000, 0x0000000082600000|100%| O|  |TAMS 0x0000000082600000, 0x0000000082500000| Untracked 
|  38|0x0000000082600000, 0x0000000082700000, 0x0000000082700000|100%| O|  |TAMS 0x0000000082700000, 0x0000000082600000| Untracked 
|  39|0x0000000082700000, 0x0000000082800000, 0x0000000082800000|100%| O|  |TAMS 0x0000000082800000, 0x0000000082700000| Untracked 
|  40|0x0000000082800000, 0x0000000082900000, 0x0000000082900000|100%| O|  |TAMS 0x0000000082900000, 0x0000000082800000| Untracked 
|  41|0x0000000082900000, 0x0000000082a00000, 0x0000000082a00000|100%| O|  |TAMS 0x0000000082a00000, 0x0000000082900000| Untracked 
|  42|0x0000000082a00000, 0x0000000082b00000, 0x0000000082b00000|100%| O|  |TAMS 0x0000000082b00000, 0x0000000082a00000| Untracked 
|  43|0x0000000082b00000, 0x0000000082c00000, 0x0000000082c00000|100%| O|  |TAMS 0x0000000082c00000, 0x0000000082b00000| Untracked 
|  44|0x0000000082c00000, 0x0000000082d00000, 0x0000000082d00000|100%| O|  |TAMS 0x0000000082d00000, 0x0000000082c00000| Untracked 
|  45|0x0000000082d00000, 0x0000000082e00000, 0x0000000082e00000|100%| O|  |TAMS 0x0000000082e00000, 0x0000000082d00000| Untracked 
|  46|0x0000000082e00000, 0x0000000082f00000, 0x0000000082f00000|100%| O|  |TAMS 0x0000000082e47000, 0x0000000082e00000| Untracked 
|  47|0x0000000082f00000, 0x0000000083000000, 0x0000000083000000|100%| O|  |TAMS 0x0000000082f00000, 0x0000000082f00000| Untracked 
|  48|0x0000000083000000, 0x0000000083100000, 0x0000000083100000|100%| O|  |TAMS 0x0000000083000000, 0x0000000083000000| Untracked 
|  49|0x0000000083100000, 0x0000000083200000, 0x0000000083200000|100%| O|  |TAMS 0x0000000083100000, 0x0000000083100000| Untracked 
|  50|0x0000000083200000, 0x0000000083300000, 0x0000000083300000|100%| O|  |TAMS 0x0000000083200000, 0x0000000083200000| Untracked 
|  51|0x0000000083300000, 0x0000000083400000, 0x0000000083400000|100%| O|  |TAMS 0x0000000083300000, 0x0000000083300000| Untracked 
|  52|0x0000000083400000, 0x0000000083500000, 0x0000000083500000|100%| O|  |TAMS 0x0000000083400000, 0x0000000083400000| Untracked 
|  53|0x0000000083500000, 0x0000000083600000, 0x0000000083600000|100%| O|  |TAMS 0x0000000083500000, 0x0000000083500000| Untracked 
|  54|0x0000000083600000, 0x0000000083700000, 0x0000000083700000|100%| O|  |TAMS 0x0000000083600000, 0x0000000083600000| Untracked 
|  55|0x0000000083700000, 0x0000000083800000, 0x0000000083800000|100%| O|  |TAMS 0x0000000083700000, 0x0000000083700000| Untracked 
|  56|0x0000000083800000, 0x0000000083900000, 0x0000000083900000|100%| O|  |TAMS 0x0000000083800000, 0x0000000083800000| Untracked 
|  57|0x0000000083900000, 0x0000000083a00000, 0x0000000083a00000|100%| O|  |TAMS 0x0000000083900000, 0x0000000083900000| Untracked 
|  58|0x0000000083a00000, 0x0000000083b00000, 0x0000000083b00000|100%| O|  |TAMS 0x0000000083a00000, 0x0000000083a00000| Untracked 
|  59|0x0000000083b00000, 0x0000000083c00000, 0x0000000083c00000|100%| O|  |TAMS 0x0000000083b00000, 0x0000000083b00000| Untracked 
|  60|0x0000000083c00000, 0x0000000083d00000, 0x0000000083d00000|100%| O|  |TAMS 0x0000000083c00000, 0x0000000083c00000| Untracked 
|  61|0x0000000083d00000, 0x0000000083e00000, 0x0000000083e00000|100%| O|  |TAMS 0x0000000083d00000, 0x0000000083d00000| Untracked 
|  62|0x0000000083e00000, 0x0000000083f00000, 0x0000000083f00000|100%| O|  |TAMS 0x0000000083e00000, 0x0000000083e00000| Untracked 
|  63|0x0000000083f00000, 0x0000000083f8ce00, 0x0000000084000000| 55%| O|  |TAMS 0x0000000083f00000, 0x0000000083f00000| Untracked 
|  64|0x0000000084000000, 0x0000000084000000, 0x0000000084100000|  0%| F|  |TAMS 0x0000000084000000, 0x0000000084000000| Untracked 
|  65|0x0000000084100000, 0x0000000084100000, 0x0000000084200000|  0%| F|  |TAMS 0x0000000084100000, 0x0000000084100000| Untracked 
|  66|0x0000000084200000, 0x0000000084300000, 0x0000000084300000|100%| O|  |TAMS 0x0000000084200000, 0x0000000084200000| Untracked 
|  67|0x0000000084300000, 0x0000000084400000, 0x0000000084400000|100%| O|  |TAMS 0x0000000084300000, 0x0000000084300000| Untracked 
|  68|0x0000000084400000, 0x0000000084500000, 0x0000000084500000|100%| O|  |TAMS 0x0000000084400000, 0x0000000084400000| Untracked 
|  69|0x0000000084500000, 0x0000000084600000, 0x0000000084600000|100%| O|  |TAMS 0x0000000084500000, 0x0000000084500000| Untracked 
|  70|0x0000000084600000, 0x0000000084700000, 0x0000000084700000|100%| O|  |TAMS 0x0000000084600000, 0x0000000084600000| Untracked 
|  71|0x0000000084700000, 0x0000000084800000, 0x0000000084800000|100%| O|  |TAMS 0x0000000084700000, 0x0000000084700000| Untracked 
|  72|0x0000000084800000, 0x0000000084900000, 0x0000000084900000|100%| O|  |TAMS 0x0000000084800000, 0x0000000084800000| Untracked 
|  73|0x0000000084900000, 0x0000000084a00000, 0x0000000084a00000|100%| O|  |TAMS 0x0000000084900000, 0x0000000084900000| Untracked 
|  74|0x0000000084a00000, 0x0000000084b00000, 0x0000000084b00000|100%| O|  |TAMS 0x0000000084a00000, 0x0000000084a00000| Untracked 
|  75|0x0000000084b00000, 0x0000000084c00000, 0x0000000084c00000|100%| O|  |TAMS 0x0000000084b00000, 0x0000000084b00000| Untracked 
|  76|0x0000000084c00000, 0x0000000084d00000, 0x0000000084d00000|100%| O|  |TAMS 0x0000000084c00000, 0x0000000084c00000| Untracked 
|  77|0x0000000084d00000, 0x0000000084e00000, 0x0000000084e00000|100%| O|  |TAMS 0x0000000084d00000, 0x0000000084d00000| Untracked 
|  78|0x0000000084e00000, 0x0000000084f00000, 0x0000000084f00000|100%| O|  |TAMS 0x0000000084e00000, 0x0000000084e00000| Untracked 
|  79|0x0000000084f00000, 0x0000000085000000, 0x0000000085000000|100%| O|  |TAMS 0x0000000084f00000, 0x0000000084f00000| Untracked 
|  80|0x0000000085000000, 0x0000000085000000, 0x0000000085100000|  0%| F|  |TAMS 0x0000000085000000, 0x0000000085000000| Untracked 
|  81|0x0000000085100000, 0x0000000085100000, 0x0000000085200000|  0%| F|  |TAMS 0x0000000085100000, 0x0000000085100000| Untracked 
|  82|0x0000000085200000, 0x0000000085200000, 0x0000000085300000|  0%| F|  |TAMS 0x0000000085200000, 0x0000000085200000| Untracked 
|  83|0x0000000085300000, 0x0000000085300000, 0x0000000085400000|  0%| F|  |TAMS 0x0000000085300000, 0x0000000085300000| Untracked 
|  84|0x0000000085400000, 0x0000000085400000, 0x0000000085500000|  0%| F|  |TAMS 0x0000000085400000, 0x0000000085400000| Untracked 
|  85|0x0000000085500000, 0x0000000085500000, 0x0000000085600000|  0%| F|  |TAMS 0x0000000085500000, 0x0000000085500000| Untracked 
|  86|0x0000000085600000, 0x0000000085600000, 0x0000000085700000|  0%| F|  |TAMS 0x0000000085600000, 0x0000000085600000| Untracked 
|  87|0x0000000085700000, 0x0000000085700000, 0x0000000085800000|  0%| F|  |TAMS 0x0000000085700000, 0x0000000085700000| Untracked 
|  88|0x0000000085800000, 0x0000000085800000, 0x0000000085900000|  0%| F|  |TAMS 0x0000000085800000, 0x0000000085800000| Untracked 
|  89|0x0000000085900000, 0x0000000085900000, 0x0000000085a00000|  0%| F|  |TAMS 0x0000000085900000, 0x0000000085900000| Untracked 
|  90|0x0000000085a00000, 0x0000000085a00000, 0x0000000085b00000|  0%| F|  |TAMS 0x0000000085a00000, 0x0000000085a00000| Untracked 
|  91|0x0000000085b00000, 0x0000000085b00000, 0x0000000085c00000|  0%| F|  |TAMS 0x0000000085b00000, 0x0000000085b00000| Untracked 
|  92|0x0000000085c00000, 0x0000000085c00000, 0x0000000085d00000|  0%| F|  |TAMS 0x0000000085c00000, 0x0000000085c00000| Untracked 
|  93|0x0000000085d00000, 0x0000000085d00000, 0x0000000085e00000|  0%| F|  |TAMS 0x0000000085d00000, 0x0000000085d00000| Untracked 
|  94|0x0000000085e00000, 0x0000000085e00000, 0x0000000085f00000|  0%| F|  |TAMS 0x0000000085e00000, 0x0000000085e00000| Untracked 
|  95|0x0000000085f00000, 0x0000000085f00000, 0x0000000086000000|  0%| F|  |TAMS 0x0000000085f00000, 0x0000000085f00000| Untracked 
|  96|0x0000000086000000, 0x0000000086000000, 0x0000000086100000|  0%| F|  |TAMS 0x0000000086000000, 0x0000000086000000| Untracked 
|  97|0x0000000086100000, 0x0000000086100000, 0x0000000086200000|  0%| F|  |TAMS 0x0000000086100000, 0x0000000086100000| Untracked 
|  98|0x0000000086200000, 0x0000000086200000, 0x0000000086300000|  0%| F|  |TAMS 0x0000000086200000, 0x0000000086200000| Untracked 
|  99|0x0000000086300000, 0x0000000086300000, 0x0000000086400000|  0%| F|  |TAMS 0x0000000086300000, 0x0000000086300000| Untracked 
| 100|0x0000000086400000, 0x0000000086400000, 0x0000000086500000|  0%| F|  |TAMS 0x0000000086400000, 0x0000000086400000| Untracked 
| 101|0x0000000086500000, 0x0000000086500000, 0x0000000086600000|  0%| F|  |TAMS 0x0000000086500000, 0x0000000086500000| Untracked 
| 102|0x0000000086600000, 0x0000000086600000, 0x0000000086700000|  0%| F|  |TAMS 0x0000000086600000, 0x0000000086600000| Untracked 
| 103|0x0000000086700000, 0x0000000086700000, 0x0000000086800000|  0%| F|  |TAMS 0x0000000086700000, 0x0000000086700000| Untracked 
| 104|0x0000000086800000, 0x0000000086800000, 0x0000000086900000|  0%| F|  |TAMS 0x0000000086800000, 0x0000000086800000| Untracked 
| 105|0x0000000086900000, 0x0000000086900000, 0x0000000086a00000|  0%| F|  |TAMS 0x0000000086900000, 0x0000000086900000| Untracked 
| 106|0x0000000086a00000, 0x0000000086a00000, 0x0000000086b00000|  0%| F|  |TAMS 0x0000000086a00000, 0x0000000086a00000| Untracked 
| 107|0x0000000086b00000, 0x0000000086b00000, 0x0000000086c00000|  0%| F|  |TAMS 0x0000000086b00000, 0x0000000086b00000| Untracked 
| 108|0x0000000086c00000, 0x0000000086c00000, 0x0000000086d00000|  0%| F|  |TAMS 0x0000000086c00000, 0x0000000086c00000| Untracked 
| 109|0x0000000086d00000, 0x0000000086d00000, 0x0000000086e00000|  0%| F|  |TAMS 0x0000000086d00000, 0x0000000086d00000| Untracked 
| 110|0x0000000086e00000, 0x0000000086e00000, 0x0000000086f00000|  0%| F|  |TAMS 0x0000000086e00000, 0x0000000086e00000| Untracked 
| 111|0x0000000086f00000, 0x0000000086f00000, 0x0000000087000000|  0%| F|  |TAMS 0x0000000086f00000, 0x0000000086f00000| Untracked 
| 112|0x0000000087000000, 0x0000000087000000, 0x0000000087100000|  0%| F|  |TAMS 0x0000000087000000, 0x0000000087000000| Untracked 
| 113|0x0000000087100000, 0x0000000087100000, 0x0000000087200000|  0%| F|  |TAMS 0x0000000087100000, 0x0000000087100000| Untracked 
| 114|0x0000000087200000, 0x0000000087200000, 0x0000000087300000|  0%| F|  |TAMS 0x0000000087200000, 0x0000000087200000| Untracked 
| 115|0x0000000087300000, 0x0000000087300000, 0x0000000087400000|  0%| F|  |TAMS 0x0000000087300000, 0x0000000087300000| Untracked 
| 116|0x0000000087400000, 0x0000000087400000, 0x0000000087500000|  0%| F|  |TAMS 0x0000000087400000, 0x0000000087400000| Untracked 
| 117|0x0000000087500000, 0x0000000087500000, 0x0000000087600000|  0%| F|  |TAMS 0x0000000087500000, 0x0000000087500000| Untracked 
| 118|0x0000000087600000, 0x0000000087600000, 0x0000000087700000|  0%| F|  |TAMS 0x0000000087600000, 0x0000000087600000| Untracked 
| 119|0x0000000087700000, 0x0000000087700000, 0x0000000087800000|  0%| F|  |TAMS 0x0000000087700000, 0x0000000087700000| Untracked 
| 120|0x0000000087800000, 0x0000000087800000, 0x0000000087900000|  0%| F|  |TAMS 0x0000000087800000, 0x0000000087800000| Untracked 
| 121|0x0000000087900000, 0x0000000087900000, 0x0000000087a00000|  0%| F|  |TAMS 0x0000000087900000, 0x0000000087900000| Untracked 
| 122|0x0000000087a00000, 0x0000000087a00000, 0x0000000087b00000|  0%| F|  |TAMS 0x0000000087a00000, 0x0000000087a00000| Untracked 
| 123|0x0000000087b00000, 0x0000000087b00000, 0x0000000087c00000|  0%| F|  |TAMS 0x0000000087b00000, 0x0000000087b00000| Untracked 
| 124|0x0000000087c00000, 0x0000000087c00000, 0x0000000087d00000|  0%| F|  |TAMS 0x0000000087c00000, 0x0000000087c00000| Untracked 
| 125|0x0000000087d00000, 0x0000000087d00000, 0x0000000087e00000|  0%| F|  |TAMS 0x0000000087d00000, 0x0000000087d00000| Untracked 
| 126|0x0000000087e00000, 0x0000000087e00000, 0x0000000087f00000|  0%| F|  |TAMS 0x0000000087e00000, 0x0000000087e00000| Untracked 
| 127|0x0000000087f00000, 0x0000000087f00000, 0x0000000088000000|  0%| F|  |TAMS 0x0000000087f00000, 0x0000000087f00000| Untracked 
| 128|0x0000000088000000, 0x0000000088000000, 0x0000000088100000|  0%| F|  |TAMS 0x0000000088000000, 0x0000000088000000| Untracked 
| 129|0x0000000088100000, 0x0000000088100000, 0x0000000088200000|  0%| F|  |TAMS 0x0000000088100000, 0x0000000088100000| Untracked 
| 130|0x0000000088200000, 0x0000000088200000, 0x0000000088300000|  0%| F|  |TAMS 0x0000000088200000, 0x0000000088200000| Untracked 
| 131|0x0000000088300000, 0x00000000883688e0, 0x0000000088400000| 40%| S|CS|TAMS 0x0000000088300000, 0x0000000088300000| Complete 
| 132|0x0000000088400000, 0x0000000088500000, 0x0000000088500000|100%| S|CS|TAMS 0x0000000088400000, 0x0000000088400000| Complete 
| 133|0x0000000088500000, 0x0000000088600000, 0x0000000088600000|100%| S|CS|TAMS 0x0000000088500000, 0x0000000088500000| Complete 
| 134|0x0000000088600000, 0x0000000088700000, 0x0000000088700000|100%| S|CS|TAMS 0x0000000088600000, 0x0000000088600000| Complete 
| 135|0x0000000088700000, 0x0000000088800000, 0x0000000088800000|100%| S|CS|TAMS 0x0000000088700000, 0x0000000088700000| Complete 
| 136|0x0000000088800000, 0x0000000088900000, 0x0000000088900000|100%| S|CS|TAMS 0x0000000088800000, 0x0000000088800000| Complete 
| 137|0x0000000088900000, 0x0000000088900000, 0x0000000088a00000|  0%| F|  |TAMS 0x0000000088900000, 0x0000000088900000| Untracked 
| 138|0x0000000088a00000, 0x0000000088a00000, 0x0000000088b00000|  0%| F|  |TAMS 0x0000000088a00000, 0x0000000088a00000| Untracked 
| 139|0x0000000088b00000, 0x0000000088b00000, 0x0000000088c00000|  0%| F|  |TAMS 0x0000000088b00000, 0x0000000088b00000| Untracked 
| 140|0x0000000088c00000, 0x0000000088c00000, 0x0000000088d00000|  0%| F|  |TAMS 0x0000000088c00000, 0x0000000088c00000| Untracked 
| 141|0x0000000088d00000, 0x0000000088d00000, 0x0000000088e00000|  0%| F|  |TAMS 0x0000000088d00000, 0x0000000088d00000| Untracked 
| 142|0x0000000088e00000, 0x0000000088e00000, 0x0000000088f00000|  0%| F|  |TAMS 0x0000000088e00000, 0x0000000088e00000| Untracked 
| 143|0x0000000088f00000, 0x0000000088f00000, 0x0000000089000000|  0%| F|  |TAMS 0x0000000088f00000, 0x0000000088f00000| Untracked 
| 144|0x0000000089000000, 0x0000000089000000, 0x0000000089100000|  0%| F|  |TAMS 0x0000000089000000, 0x0000000089000000| Untracked 
| 145|0x0000000089100000, 0x0000000089200000, 0x0000000089200000|100%| S|CS|TAMS 0x0000000089100000, 0x0000000089100000| Complete 
| 146|0x0000000089200000, 0x0000000089300000, 0x0000000089300000|100%| S|CS|TAMS 0x0000000089200000, 0x0000000089200000| Complete 
| 147|0x0000000089300000, 0x0000000089400000, 0x0000000089400000|100%| S|CS|TAMS 0x0000000089300000, 0x0000000089300000| Complete 
| 148|0x0000000089400000, 0x0000000089500000, 0x0000000089500000|100%| S|CS|TAMS 0x0000000089400000, 0x0000000089400000| Complete 
| 149|0x0000000089500000, 0x0000000089600000, 0x0000000089600000|100%| S|CS|TAMS 0x0000000089500000, 0x0000000089500000| Complete 
| 150|0x0000000089600000, 0x0000000089600000, 0x0000000089700000|  0%| F|  |TAMS 0x0000000089600000, 0x0000000089600000| Untracked 
| 151|0x0000000089700000, 0x0000000089700000, 0x0000000089800000|  0%| F|  |TAMS 0x0000000089700000, 0x0000000089700000| Untracked 
| 152|0x0000000089800000, 0x0000000089800000, 0x0000000089900000|  0%| F|  |TAMS 0x0000000089800000, 0x0000000089800000| Untracked 
| 153|0x0000000089900000, 0x0000000089900000, 0x0000000089a00000|  0%| F|  |TAMS 0x0000000089900000, 0x0000000089900000| Untracked 
| 154|0x0000000089a00000, 0x0000000089b00000, 0x0000000089b00000|100%| S|CS|TAMS 0x0000000089a00000, 0x0000000089a00000| Complete 
| 155|0x0000000089b00000, 0x0000000089b00000, 0x0000000089c00000|  0%| F|  |TAMS 0x0000000089b00000, 0x0000000089b00000| Untracked 
| 156|0x0000000089c00000, 0x0000000089c00000, 0x0000000089d00000|  0%| F|  |TAMS 0x0000000089c00000, 0x0000000089c00000| Untracked 
| 157|0x0000000089d00000, 0x0000000089d00000, 0x0000000089e00000|  0%| F|  |TAMS 0x0000000089d00000, 0x0000000089d00000| Untracked 
| 158|0x0000000089e00000, 0x0000000089e00000, 0x0000000089f00000|  0%| F|  |TAMS 0x0000000089e00000, 0x0000000089e00000| Untracked 
| 159|0x0000000089f00000, 0x0000000089f00000, 0x000000008a000000|  0%| F|  |TAMS 0x0000000089f00000, 0x0000000089f00000| Untracked 
| 160|0x000000008a000000, 0x000000008a000000, 0x000000008a100000|  0%| F|  |TAMS 0x000000008a000000, 0x000000008a000000| Untracked 
| 161|0x000000008a100000, 0x000000008a100000, 0x000000008a200000|  0%| F|  |TAMS 0x000000008a100000, 0x000000008a100000| Untracked 
| 162|0x000000008a200000, 0x000000008a200000, 0x000000008a300000|  0%| F|  |TAMS 0x000000008a200000, 0x000000008a200000| Untracked 
| 163|0x000000008a300000, 0x000000008a300000, 0x000000008a400000|  0%| F|  |TAMS 0x000000008a300000, 0x000000008a300000| Untracked 
| 164|0x000000008a400000, 0x000000008a400000, 0x000000008a500000|  0%| F|  |TAMS 0x000000008a400000, 0x000000008a400000| Untracked 
| 165|0x000000008a500000, 0x000000008a500000, 0x000000008a600000|  0%| F|  |TAMS 0x000000008a500000, 0x000000008a500000| Untracked 
| 166|0x000000008a600000, 0x000000008a600000, 0x000000008a700000|  0%| F|  |TAMS 0x000000008a600000, 0x000000008a600000| Untracked 
| 167|0x000000008a700000, 0x000000008a700000, 0x000000008a800000|  0%| F|  |TAMS 0x000000008a700000, 0x000000008a700000| Untracked 
| 168|0x000000008a800000, 0x000000008a800000, 0x000000008a900000|  0%| F|  |TAMS 0x000000008a800000, 0x000000008a800000| Untracked 
| 169|0x000000008a900000, 0x000000008a900000, 0x000000008aa00000|  0%| F|  |TAMS 0x000000008a900000, 0x000000008a900000| Untracked 
| 170|0x000000008aa00000, 0x000000008aa00000, 0x000000008ab00000|  0%| F|  |TAMS 0x000000008aa00000, 0x000000008aa00000| Untracked 
| 171|0x000000008ab00000, 0x000000008ab00000, 0x000000008ac00000|  0%| F|  |TAMS 0x000000008ab00000, 0x000000008ab00000| Untracked 
| 172|0x000000008ac00000, 0x000000008ac00000, 0x000000008ad00000|  0%| F|  |TAMS 0x000000008ac00000, 0x000000008ac00000| Untracked 
| 173|0x000000008ad00000, 0x000000008ad00000, 0x000000008ae00000|  0%| F|  |TAMS 0x000000008ad00000, 0x000000008ad00000| Untracked 
| 174|0x000000008ae00000, 0x000000008ae00000, 0x000000008af00000|  0%| F|  |TAMS 0x000000008ae00000, 0x000000008ae00000| Untracked 
| 175|0x000000008af00000, 0x000000008af00000, 0x000000008b000000|  0%| F|  |TAMS 0x000000008af00000, 0x000000008af00000| Untracked 
| 176|0x000000008b000000, 0x000000008b000000, 0x000000008b100000|  0%| F|  |TAMS 0x000000008b000000, 0x000000008b000000| Untracked 
| 177|0x000000008b100000, 0x000000008b100000, 0x000000008b200000|  0%| F|  |TAMS 0x000000008b100000, 0x000000008b100000| Untracked 
| 178|0x000000008b200000, 0x000000008b200000, 0x000000008b300000|  0%| F|  |TAMS 0x000000008b200000, 0x000000008b200000| Untracked 
| 179|0x000000008b300000, 0x000000008b300000, 0x000000008b400000|  0%| F|  |TAMS 0x000000008b300000, 0x000000008b300000| Untracked 
| 180|0x000000008b400000, 0x000000008b400000, 0x000000008b500000|  0%| F|  |TAMS 0x000000008b400000, 0x000000008b400000| Untracked 
| 181|0x000000008b500000, 0x000000008b500000, 0x000000008b600000|  0%| F|  |TAMS 0x000000008b500000, 0x000000008b500000| Untracked 
| 182|0x000000008b600000, 0x000000008b600000, 0x000000008b700000|  0%| F|  |TAMS 0x000000008b600000, 0x000000008b600000| Untracked 
| 183|0x000000008b700000, 0x000000008b700000, 0x000000008b800000|  0%| F|  |TAMS 0x000000008b700000, 0x000000008b700000| Untracked 
| 184|0x000000008b800000, 0x000000008b800000, 0x000000008b900000|  0%| F|  |TAMS 0x000000008b800000, 0x000000008b800000| Untracked 
| 185|0x000000008b900000, 0x000000008b900000, 0x000000008ba00000|  0%| F|  |TAMS 0x000000008b900000, 0x000000008b900000| Untracked 
| 186|0x000000008ba00000, 0x000000008ba00000, 0x000000008bb00000|  0%| F|  |TAMS 0x000000008ba00000, 0x000000008ba00000| Untracked 
| 187|0x000000008bb00000, 0x000000008bb00000, 0x000000008bc00000|  0%| F|  |TAMS 0x000000008bb00000, 0x000000008bb00000| Untracked 
| 188|0x000000008bc00000, 0x000000008bc00000, 0x000000008bd00000|  0%| F|  |TAMS 0x000000008bc00000, 0x000000008bc00000| Untracked 
| 189|0x000000008bd00000, 0x000000008bd00000, 0x000000008be00000|  0%| F|  |TAMS 0x000000008bd00000, 0x000000008bd00000| Untracked 
| 190|0x000000008be00000, 0x000000008be00000, 0x000000008bf00000|  0%| F|  |TAMS 0x000000008be00000, 0x000000008be00000| Untracked 
| 191|0x000000008bf00000, 0x000000008bf00000, 0x000000008c000000|  0%| F|  |TAMS 0x000000008bf00000, 0x000000008bf00000| Untracked 
| 192|0x000000008c000000, 0x000000008c000000, 0x000000008c100000|  0%| F|  |TAMS 0x000000008c000000, 0x000000008c000000| Untracked 
| 193|0x000000008c100000, 0x000000008c100000, 0x000000008c200000|  0%| F|  |TAMS 0x000000008c100000, 0x000000008c100000| Untracked 
| 194|0x000000008c200000, 0x000000008c200000, 0x000000008c300000|  0%| F|  |TAMS 0x000000008c200000, 0x000000008c200000| Untracked 
| 195|0x000000008c300000, 0x000000008c3b2600, 0x000000008c400000| 69%| E|  |TAMS 0x000000008c300000, 0x000000008c300000| Complete 
| 196|0x000000008c400000, 0x000000008c500000, 0x000000008c500000|100%| E|CS|TAMS 0x000000008c400000, 0x000000008c400000| Complete 
| 197|0x000000008c500000, 0x000000008c600000, 0x000000008c600000|100%| E|CS|TAMS 0x000000008c500000, 0x000000008c500000| Complete 
| 198|0x000000008c600000, 0x000000008c700000, 0x000000008c700000|100%| E|CS|TAMS 0x000000008c600000, 0x000000008c600000| Complete 
| 199|0x000000008c700000, 0x000000008c800000, 0x000000008c800000|100%| E|CS|TAMS 0x000000008c700000, 0x000000008c700000| Complete 
| 200|0x000000008c800000, 0x000000008c900000, 0x000000008c900000|100%| E|CS|TAMS 0x000000008c800000, 0x000000008c800000| Complete 
| 201|0x000000008c900000, 0x000000008ca00000, 0x000000008ca00000|100%| E|CS|TAMS 0x000000008c900000, 0x000000008c900000| Complete 
| 202|0x000000008ca00000, 0x000000008cb00000, 0x000000008cb00000|100%| E|CS|TAMS 0x000000008ca00000, 0x000000008ca00000| Complete 
| 203|0x000000008cb00000, 0x000000008cc00000, 0x000000008cc00000|100%| E|CS|TAMS 0x000000008cb00000, 0x000000008cb00000| Complete 
| 204|0x000000008cc00000, 0x000000008cd00000, 0x000000008cd00000|100%| E|CS|TAMS 0x000000008cc00000, 0x000000008cc00000| Complete 
| 205|0x000000008cd00000, 0x000000008ce00000, 0x000000008ce00000|100%| E|CS|TAMS 0x000000008cd00000, 0x000000008cd00000| Complete 
| 206|0x000000008ce00000, 0x000000008cf00000, 0x000000008cf00000|100%| E|  |TAMS 0x000000008ce00000, 0x000000008ce00000| Complete 
| 207|0x000000008cf00000, 0x000000008d000000, 0x000000008d000000|100%| E|CS|TAMS 0x000000008cf00000, 0x000000008cf00000| Complete 
| 208|0x000000008d000000, 0x000000008d100000, 0x000000008d100000|100%| E|CS|TAMS 0x000000008d000000, 0x000000008d000000| Complete 
| 209|0x000000008d100000, 0x000000008d200000, 0x000000008d200000|100%| E|CS|TAMS 0x000000008d100000, 0x000000008d100000| Complete 
| 210|0x000000008d200000, 0x000000008d300000, 0x000000008d300000|100%| E|CS|TAMS 0x000000008d200000, 0x000000008d200000| Complete 
| 211|0x000000008d300000, 0x000000008d400000, 0x000000008d400000|100%| E|CS|TAMS 0x000000008d300000, 0x000000008d300000| Complete 
| 212|0x000000008d400000, 0x000000008d500000, 0x000000008d500000|100%| E|CS|TAMS 0x000000008d400000, 0x000000008d400000| Complete 
| 213|0x000000008d500000, 0x000000008d600000, 0x000000008d600000|100%| E|CS|TAMS 0x000000008d500000, 0x000000008d500000| Complete 
| 214|0x000000008d600000, 0x000000008d700000, 0x000000008d700000|100%| E|CS|TAMS 0x000000008d600000, 0x000000008d600000| Complete 
| 215|0x000000008d700000, 0x000000008d800000, 0x000000008d800000|100%| E|CS|TAMS 0x000000008d700000, 0x000000008d700000| Complete 
| 216|0x000000008d800000, 0x000000008d900000, 0x000000008d900000|100%| E|CS|TAMS 0x000000008d800000, 0x000000008d800000| Complete 
| 217|0x000000008d900000, 0x000000008da00000, 0x000000008da00000|100%| E|CS|TAMS 0x000000008d900000, 0x000000008d900000| Complete 
| 218|0x000000008da00000, 0x000000008db00000, 0x000000008db00000|100%| E|CS|TAMS 0x000000008da00000, 0x000000008da00000| Complete 
| 219|0x000000008db00000, 0x000000008dc00000, 0x000000008dc00000|100%| E|CS|TAMS 0x000000008db00000, 0x000000008db00000| Complete 
| 220|0x000000008dc00000, 0x000000008dd00000, 0x000000008dd00000|100%| E|CS|TAMS 0x000000008dc00000, 0x000000008dc00000| Complete 
| 221|0x000000008dd00000, 0x000000008de00000, 0x000000008de00000|100%| E|CS|TAMS 0x000000008dd00000, 0x000000008dd00000| Complete 
| 222|0x000000008de00000, 0x000000008df00000, 0x000000008df00000|100%| E|CS|TAMS 0x000000008de00000, 0x000000008de00000| Complete 
| 223|0x000000008df00000, 0x000000008e000000, 0x000000008e000000|100%| E|CS|TAMS 0x000000008df00000, 0x000000008df00000| Complete 
| 224|0x000000008e000000, 0x000000008e100000, 0x000000008e100000|100%| E|CS|TAMS 0x000000008e000000, 0x000000008e000000| Complete 
| 225|0x000000008e100000, 0x000000008e200000, 0x000000008e200000|100%| E|CS|TAMS 0x000000008e100000, 0x000000008e100000| Complete 
| 226|0x000000008e200000, 0x000000008e300000, 0x000000008e300000|100%| E|CS|TAMS 0x000000008e200000, 0x000000008e200000| Complete 
| 227|0x000000008e300000, 0x000000008e400000, 0x000000008e400000|100%| E|CS|TAMS 0x000000008e300000, 0x000000008e300000| Complete 
| 228|0x000000008e400000, 0x000000008e500000, 0x000000008e500000|100%| E|CS|TAMS 0x000000008e400000, 0x000000008e400000| Complete 
| 229|0x000000008e500000, 0x000000008e600000, 0x000000008e600000|100%| E|CS|TAMS 0x000000008e500000, 0x000000008e500000| Complete 
| 230|0x000000008e600000, 0x000000008e700000, 0x000000008e700000|100%| E|CS|TAMS 0x000000008e600000, 0x000000008e600000| Complete 
| 231|0x000000008e700000, 0x000000008e800000, 0x000000008e800000|100%| E|CS|TAMS 0x000000008e700000, 0x000000008e700000| Complete 
| 232|0x000000008e800000, 0x000000008e900000, 0x000000008e900000|100%| E|CS|TAMS 0x000000008e800000, 0x000000008e800000| Complete 
| 233|0x000000008e900000, 0x000000008ea00000, 0x000000008ea00000|100%| E|CS|TAMS 0x000000008e900000, 0x000000008e900000| Complete 
| 234|0x000000008ea00000, 0x000000008eb00000, 0x000000008eb00000|100%| E|CS|TAMS 0x000000008ea00000, 0x000000008ea00000| Complete 
| 235|0x000000008eb00000, 0x000000008ec00000, 0x000000008ec00000|100%| E|CS|TAMS 0x000000008eb00000, 0x000000008eb00000| Complete 
| 236|0x000000008ec00000, 0x000000008ed00000, 0x000000008ed00000|100%| E|CS|TAMS 0x000000008ec00000, 0x000000008ec00000| Complete 
| 237|0x000000008ed00000, 0x000000008ee00000, 0x000000008ee00000|100%| E|CS|TAMS 0x000000008ed00000, 0x000000008ed00000| Complete 
| 238|0x000000008ee00000, 0x000000008ef00000, 0x000000008ef00000|100%| E|CS|TAMS 0x000000008ee00000, 0x000000008ee00000| Complete 
| 239|0x000000008ef00000, 0x000000008f000000, 0x000000008f000000|100%| E|CS|TAMS 0x000000008ef00000, 0x000000008ef00000| Complete 
| 240|0x000000008f000000, 0x000000008f100000, 0x000000008f100000|100%| E|CS|TAMS 0x000000008f000000, 0x000000008f000000| Complete 
| 241|0x000000008f100000, 0x000000008f200000, 0x000000008f200000|100%| E|CS|TAMS 0x000000008f100000, 0x000000008f100000| Complete 
| 242|0x000000008f200000, 0x000000008f300000, 0x000000008f300000|100%| E|CS|TAMS 0x000000008f200000, 0x000000008f200000| Complete 
| 243|0x000000008f300000, 0x000000008f400000, 0x000000008f400000|100%| E|CS|TAMS 0x000000008f300000, 0x000000008f300000| Complete 
| 244|0x000000008f400000, 0x000000008f500000, 0x000000008f500000|100%| E|CS|TAMS 0x000000008f400000, 0x000000008f400000| Complete 
| 245|0x000000008f500000, 0x000000008f600000, 0x000000008f600000|100%| E|CS|TAMS 0x000000008f500000, 0x000000008f500000| Complete 
| 246|0x000000008f600000, 0x000000008f700000, 0x000000008f700000|100%| E|CS|TAMS 0x000000008f600000, 0x000000008f600000| Complete 
| 247|0x000000008f700000, 0x000000008f800000, 0x000000008f800000|100%| E|CS|TAMS 0x000000008f700000, 0x000000008f700000| Complete 
| 248|0x000000008f800000, 0x000000008f900000, 0x000000008f900000|100%| E|CS|TAMS 0x000000008f800000, 0x000000008f800000| Complete 
| 249|0x000000008f900000, 0x000000008fa00000, 0x000000008fa00000|100%| E|CS|TAMS 0x000000008f900000, 0x000000008f900000| Complete 
| 250|0x000000008fa00000, 0x000000008fb00000, 0x000000008fb00000|100%| E|CS|TAMS 0x000000008fa00000, 0x000000008fa00000| Complete 
| 251|0x000000008fb00000, 0x000000008fc00000, 0x000000008fc00000|100%| E|CS|TAMS 0x000000008fb00000, 0x000000008fb00000| Complete 
| 252|0x000000008fc00000, 0x000000008fd00000, 0x000000008fd00000|100%| E|CS|TAMS 0x000000008fc00000, 0x000000008fc00000| Complete 
| 253|0x000000008fd00000, 0x000000008fe00000, 0x000000008fe00000|100%| E|CS|TAMS 0x000000008fd00000, 0x000000008fd00000| Complete 
| 254|0x000000008fe00000, 0x000000008ff00000, 0x000000008ff00000|100%| E|CS|TAMS 0x000000008fe00000, 0x000000008fe00000| Complete 
| 255|0x000000008ff00000, 0x0000000090000000, 0x0000000090000000|100%| E|CS|TAMS 0x000000008ff00000, 0x000000008ff00000| Complete 

Card table byte_map: [0x0000025ca7530000,0x0000025ca7930000] _byte_map_base: 0x0000025ca7130000

Marking Bits (Prev, Next): (CMBitMap*) 0x0000025c9429ae60, (CMBitMap*) 0x0000025c9429ae28
 Prev Bits: [0x0000025ca9d30000, 0x0000025cabd30000)
 Next Bits: [0x0000025ca7d30000, 0x0000025ca9d30000)

Polling page: 0x0000025c921c0000

Metaspace:

Usage:
  Non-class:     84.92 MB capacity,    83.32 MB ( 98%) used,     1.33 MB (  2%) free+waste,   277.50 KB ( <1%) overhead. 
      Class:     12.89 MB capacity,    12.02 MB ( 93%) used,   768.61 KB (  6%) free+waste,   123.88 KB ( <1%) overhead. 
       Both:     97.82 MB capacity,    95.34 MB ( 97%) used,     2.08 MB (  2%) free+waste,   401.38 KB ( <1%) overhead. 

Virtual space:
  Non-class space:       86.00 MB reserved,      85.00 MB ( 99%) committed 
      Class space:        1.00 GB reserved,      13.00 MB (  1%) committed 
             Both:        1.08 GB reserved,      98.00 MB (  9%) committed 

Chunk freelists:
   Non-Class:  15.00 KB
       Class:  14.00 KB
        Both:  29.00 KB

MaxMetaspaceSize: 17179869184.00 GB
CompressedClassSpaceSize: 1.00 GB

CodeHeap 'non-profiled nmethods': size=120000Kb used=6497Kb max_used=6497Kb free=113503Kb
 bounds [0x0000025c9f6b0000, 0x0000025c9fd10000, 0x0000025ca6be0000]
CodeHeap 'profiled nmethods': size=120000Kb used=26083Kb max_used=26083Kb free=93917Kb
 bounds [0x0000025c98180000, 0x0000025c99b00000, 0x0000025c9f6b0000]
CodeHeap 'non-nmethods': size=5760Kb used=2299Kb max_used=2355Kb free=3460Kb
 bounds [0x0000025c97be0000, 0x0000025c97e50000, 0x0000025c98180000]
 total_blobs=13257 nmethods=12347 adapters=821
 compilation: enabled
              stopped_count=0, restarted_count=0
 full_count=0

Compilation events (20 events):
Event: 60.985 Thread 0x0000025caf292800 nmethod 12776 0x0000025c99af8810 code [0x0000025c99af8b40, 0x0000025c99af9948]
Event: 60.990 Thread 0x0000025cb8b3c800 nmethod 12437 0x0000025c9fcd3110 code [0x0000025c9fcd3c20, 0x0000025c9fcda8d8]
Event: 60.990 Thread 0x0000025cb8b3c800 12476       4       org.gradle.api.internal.artifacts.result.DefaultResolutionResult::eachElement (92 bytes)
Event: 61.014 Thread 0x0000025caf283000 nmethod 12436 0x0000025c9fce1f90 code [0x0000025c9fce2b40, 0x0000025c9fce9e50]
Event: 61.014 Thread 0x0000025caf283000 12773       4       java.io.ObjectStreamClass::requireInitialized (18 bytes)
Event: 61.014 Thread 0x0000025caf283000 nmethod 12773 0x0000025c9fcf1590 code [0x0000025c9fcf1720, 0x0000025c9fcf1798]
Event: 61.014 Thread 0x0000025caf283000 12359       4       org.gradle.api.internal.artifacts.transform.ConsumerProvidedVariantFinder::matchAttributes (68 bytes)
Event: 61.144 Thread 0x0000025caf283000 nmethod 12359 0x0000025c9fcf1810 code [0x0000025c9fcf1d40, 0x0000025c9fcf82b8]
Event: 61.275 Thread 0x0000025cb8b3c800 nmethod 12476 0x0000025c9fcfc610 code [0x0000025c9fcfcbc0, 0x0000025c9fd06328]
Event: 61.473 Thread 0x0000025caf292800 12777       3       java.util.concurrent.ConcurrentHashMap::isEmpty (15 bytes)
Event: 61.473 Thread 0x0000025caf292800 nmethod 12777 0x0000025c99afa590 code [0x0000025c99afa740, 0x0000025c99afa8c8]
Event: 61.477 Thread 0x0000025caf292800 12778       1       java.lang.invoke.StringConcatFactory$RecipeElement::getTag (5 bytes)
Event: 61.477 Thread 0x0000025caf292800 nmethod 12778 0x0000025c9fd08710 code [0x0000025c9fd088c0, 0x0000025c9fd08978]
Event: 61.477 Thread 0x0000025caf292800 12779       3       java.lang.invoke.LambdaFormEditor$Transform::of (51 bytes)
Event: 61.477 Thread 0x0000025caf292800 nmethod 12779 0x0000025c99afa990 code [0x0000025c99afabe0, 0x0000025c99afb448]
Event: 61.477 Thread 0x0000025caf292800 12780       3       java.lang.invoke.LambdaFormEditor$Transform::packedBytes (39 bytes)
Event: 61.477 Thread 0x0000025caf292800 nmethod 12780 0x0000025c99afb790 code [0x0000025c99afb940, 0x0000025c99afba38]
Event: 61.479 Thread 0x0000025caf292800 12781       3       java.util.logging.LogManager$LoggerContext::requiresDefaultLoggers (29 bytes)
Event: 61.479 Thread 0x0000025caf292800 nmethod 12781 0x0000025c99afbb10 code [0x0000025c99afbce0, 0x0000025c99afbee8]
Event: 61.489 Thread 0x0000025caf283000 12782 %     4       java.util.Properties$LineReader::readLine @ 224 (635 bytes)

GC Heap History (20 events):
Event: 16.570 GC heap before
{Heap before GC invocations=4 (full 0):
 garbage-first heap   total 262144K, used 88892K [0x0000000080000000, 0x0000000100000000)
  region size 1024K, 73 young (74752K), 2 survivors (2048K)
 Metaspace       used 35061K, capacity 35811K, committed 35840K, reserved 1081344K
  class space    used 4563K, capacity 4854K, committed 4864K, reserved 1048576K
}
Event: 16.575 GC heap after
{Heap after GC invocations=5 (full 0):
 garbage-first heap   total 262144K, used 21084K [0x0000000080000000, 0x0000000100000000)
  region size 1024K, 6 young (6144K), 6 survivors (6144K)
 Metaspace       used 35061K, capacity 35811K, committed 35840K, reserved 1081344K
  class space    used 4563K, capacity 4854K, committed 4864K, reserved 1048576K
}
Event: 18.025 GC heap before
{Heap before GC invocations=6 (full 0):
 garbage-first heap   total 262144K, used 126556K [0x0000000080000000, 0x0000000100000000)
  region size 1024K, 106 young (108544K), 6 survivors (6144K)
 Metaspace       used 44152K, capacity 45207K, committed 45312K, reserved 1089536K
  class space    used 5668K, capacity 6043K, committed 6144K, reserved 1048576K
}
Event: 18.031 GC heap after
{Heap after GC invocations=7 (full 0):
 garbage-first heap   total 262144K, used 26536K [0x0000000080000000, 0x0000000100000000)
  region size 1024K, 11 young (11264K), 11 survivors (11264K)
 Metaspace       used 44152K, capacity 45207K, committed 45312K, reserved 1089536K
  class space    used 5668K, capacity 6043K, committed 6144K, reserved 1048576K
}
Event: 23.077 GC heap before
{Heap before GC invocations=7 (full 0):
 garbage-first heap   total 262144K, used 177064K [0x0000000080000000, 0x0000000100000000)
  region size 1024K, 153 young (156672K), 11 survivors (11264K)
 Metaspace       used 56219K, capacity 57712K, committed 57984K, reserved 1099776K
  class space    used 7160K, capacity 7714K, committed 7808K, reserved 1048576K
}
Event: 23.087 GC heap after
{Heap after GC invocations=8 (full 0):
 garbage-first heap   total 262144K, used 46653K [0x0000000080000000, 0x0000000100000000)
  region size 1024K, 20 young (20480K), 20 survivors (20480K)
 Metaspace       used 56219K, capacity 57712K, committed 57984K, reserved 1099776K
  class space    used 7160K, capacity 7714K, committed 7808K, reserved 1048576K
}
Event: 23.282 GC heap before
{Heap before GC invocations=8 (full 0):
 garbage-first heap   total 262144K, used 72253K [0x0000000080000000, 0x0000000100000000)
  region size 1024K, 46 young (47104K), 20 survivors (20480K)
 Metaspace       used 58557K, capacity 60062K, committed 60160K, reserved 1101824K
  class space    used 7442K, capacity 8020K, committed 8064K, reserved 1048576K
}
Event: 23.298 GC heap after
{Heap after GC invocations=9 (full 0):
 garbage-first heap   total 262144K, used 50725K [0x0000000080000000, 0x0000000100000000)
  region size 1024K, 5 young (5120K), 5 survivors (5120K)
 Metaspace       used 58557K, capacity 60062K, committed 60160K, reserved 1101824K
  class space    used 7442K, capacity 8020K, committed 8064K, reserved 1048576K
}
Event: 24.081 GC heap before
{Heap before GC invocations=10 (full 0):
 garbage-first heap   total 262144K, used 142885K [0x0000000080000000, 0x0000000100000000)
  region size 1024K, 95 young (97280K), 5 survivors (5120K)
 Metaspace       used 66038K, capacity 67640K, committed 67840K, reserved 1107968K
  class space    used 8549K, capacity 9106K, committed 9216K, reserved 1048576K
}
Event: 24.085 GC heap after
{Heap after GC invocations=11 (full 0):
 garbage-first heap   total 262144K, used 55678K [0x0000000080000000, 0x0000000100000000)
  region size 1024K, 10 young (10240K), 10 survivors (10240K)
 Metaspace       used 66038K, capacity 67640K, committed 67840K, reserved 1107968K
  class space    used 8549K, capacity 9106K, committed 9216K, reserved 1048576K
}
Event: 25.201 GC heap before
{Heap before GC invocations=11 (full 0):
 garbage-first heap   total 262144K, used 153982K [0x0000000080000000, 0x0000000100000000)
  region size 1024K, 106 young (108544K), 10 survivors (10240K)
 Metaspace       used 76275K, capacity 78048K, committed 78208K, reserved 1116160K
  class space    used 9932K, capacity 10586K, committed 10624K, reserved 1048576K
}
Event: 25.208 GC heap after
{Heap after GC invocations=12 (full 0):
 garbage-first heap   total 262144K, used 62423K [0x0000000080000000, 0x0000000100000000)
  region size 1024K, 14 young (14336K), 14 survivors (14336K)
 Metaspace       used 76275K, capacity 78048K, committed 78208K, reserved 1116160K
  class space    used 9932K, capacity 10586K, committed 10624K, reserved 1048576K
}
Event: 26.208 GC heap before
{Heap before GC invocations=12 (full 0):
 garbage-first heap   total 262144K, used 165847K [0x0000000080000000, 0x0000000100000000)
  region size 1024K, 115 young (117760K), 14 survivors (14336K)
 Metaspace       used 81814K, capacity 84072K, committed 84224K, reserved 1122304K
  class space    used 10655K, capacity 11495K, committed 11520K, reserved 1048576K
}
Event: 26.219 GC heap after
{Heap after GC invocations=13 (full 0):
 garbage-first heap   total 262144K, used 74038K [0x0000000080000000, 0x0000000100000000)
  region size 1024K, 15 young (15360K), 15 survivors (15360K)
 Metaspace       used 81814K, capacity 84072K, committed 84224K, reserved 1122304K
  class space    used 10655K, capacity 11495K, committed 11520K, reserved 1048576K
}
Event: 26.948 GC heap before
{Heap before GC invocations=13 (full 0):
 garbage-first heap   total 262144K, used 181558K [0x0000000080000000, 0x0000000100000000)
  region size 1024K, 113 young (115712K), 15 survivors (15360K)
 Metaspace       used 86015K, capacity 88368K, committed 88576K, reserved 1126400K
  class space    used 11107K, capacity 11969K, committed 12032K, reserved 1048576K
}
Event: 26.957 GC heap after
{Heap after GC invocations=14 (full 0):
 garbage-first heap   total 262144K, used 81181K [0x0000000080000000, 0x0000000100000000)
  region size 1024K, 8 young (8192K), 8 survivors (8192K)
 Metaspace       used 86015K, capacity 88368K, committed 88576K, reserved 1126400K
  class space    used 11107K, capacity 11969K, committed 12032K, reserved 1048576K
}
Event: 29.033 GC heap before
{Heap before GC invocations=14 (full 0):
 garbage-first heap   total 262144K, used 181533K [0x0000000080000000, 0x0000000100000000)
  region size 1024K, 107 young (109568K), 8 survivors (8192K)
 Metaspace       used 89815K, capacity 92192K, committed 92288K, reserved 1128448K
  class space    used 11511K, capacity 12385K, committed 12416K, reserved 1048576K
}
Event: 29.041 GC heap after
{Heap after GC invocations=15 (full 0):
 garbage-first heap   total 262144K, used 85950K [0x0000000080000000, 0x0000000100000000)
  region size 1024K, 12 young (12288K), 12 survivors (12288K)
 Metaspace       used 89815K, capacity 92192K, committed 92288K, reserved 1128448K
  class space    used 11511K, capacity 12385K, committed 12416K, reserved 1048576K
}
Event: 60.709 GC heap before
{Heap before GC invocations=15 (full 0):
 garbage-first heap   total 262144K, used 188350K [0x0000000080000000, 0x0000000100000000)
  region size 1024K, 113 young (115712K), 12 survivors (12288K)
 Metaspace       used 96717K, capacity 99169K, committed 99456K, reserved 1136640K
  class space    used 12230K, capacity 13141K, committed 13184K, reserved 1048576K
}
Event: 60.716 GC heap after
{Heap after GC invocations=16 (full 0):
 garbage-first heap   total 262144K, used 91093K [0x0000000080000000, 0x0000000100000000)
  region size 1024K, 12 young (12288K), 12 survivors (12288K)
 Metaspace       used 96717K, capacity 99169K, committed 99456K, reserved 1136640K
  class space    used 12230K, capacity 13141K, committed 13184K, reserved 1048576K
}

Deoptimization events (20 events):
Event: 61.491 Thread 0x0000025cb8b4b800 Uncommon trap: trap_request=0xffffffde fr.pc=0x0000025c9f7899a0 relative=0x00000000000004c0
Event: 61.491 Thread 0x0000025cb8b4b800 Uncommon trap: reason=class_check action=maybe_recompile pc=0x0000025c9f7899a0 method=java.io.DataOutputStream.write(I)V @ 5 c2
Event: 61.491 Thread 0x0000025cb8b4b800 DEOPT PACKING pc=0x0000025c9f7899a0 sp=0x000000d3a58fa090
Event: 61.491 Thread 0x0000025cb8b4b800 DEOPT UNPACKING pc=0x0000025c97c074af sp=0x000000d3a58fa078 mode 2
Event: 61.491 Thread 0x0000025cb8b4b800 Uncommon trap: trap_request=0xffffffde fr.pc=0x0000025c9f7899a0 relative=0x00000000000004c0
Event: 61.491 Thread 0x0000025cb8b4b800 Uncommon trap: reason=class_check action=maybe_recompile pc=0x0000025c9f7899a0 method=java.io.DataOutputStream.write(I)V @ 5 c2
Event: 61.491 Thread 0x0000025cb8b4b800 DEOPT PACKING pc=0x0000025c9f7899a0 sp=0x000000d3a58fa090
Event: 61.491 Thread 0x0000025cb8b4b800 DEOPT UNPACKING pc=0x0000025c97c074af sp=0x000000d3a58fa078 mode 2
Event: 61.491 Thread 0x0000025cb8b4b800 Uncommon trap: trap_request=0xffffffde fr.pc=0x0000025c9f7899a0 relative=0x00000000000004c0
Event: 61.491 Thread 0x0000025cb8b4b800 Uncommon trap: reason=class_check action=maybe_recompile pc=0x0000025c9f7899a0 method=java.io.DataOutputStream.write(I)V @ 5 c2
Event: 61.491 Thread 0x0000025cb8b4b800 DEOPT PACKING pc=0x0000025c9f7899a0 sp=0x000000d3a58fa090
Event: 61.491 Thread 0x0000025cb8b4b800 DEOPT UNPACKING pc=0x0000025c97c074af sp=0x000000d3a58fa078 mode 2
Event: 61.491 Thread 0x0000025cb8b4b800 Uncommon trap: trap_request=0xffffffde fr.pc=0x0000025c9f7899a0 relative=0x00000000000004c0
Event: 61.491 Thread 0x0000025cb8b4b800 Uncommon trap: reason=class_check action=maybe_recompile pc=0x0000025c9f7899a0 method=java.io.DataOutputStream.write(I)V @ 5 c2
Event: 61.491 Thread 0x0000025cb8b4b800 DEOPT PACKING pc=0x0000025c9f7899a0 sp=0x000000d3a58fa090
Event: 61.491 Thread 0x0000025cb8b4b800 DEOPT UNPACKING pc=0x0000025c97c074af sp=0x000000d3a58fa078 mode 2
Event: 61.492 Thread 0x0000025cb8b4b800 Uncommon trap: trap_request=0xffffffde fr.pc=0x0000025c9f7875f0 relative=0x0000000000001710
Event: 61.492 Thread 0x0000025cb8b4b800 Uncommon trap: reason=class_check action=maybe_recompile pc=0x0000025c9f7875f0 method=java.io.DataOutputStream.write(I)V @ 5 c2
Event: 61.492 Thread 0x0000025cb8b4b800 DEOPT PACKING pc=0x0000025c9f7875f0 sp=0x000000d3a58fa0a0
Event: 61.492 Thread 0x0000025cb8b4b800 DEOPT UNPACKING pc=0x0000025c97c074af sp=0x000000d3a58fa050 mode 2

Classes redefined (0 events):
No events

Internal exceptions (20 events):
Event: 29.207 Thread 0x0000025cb6014000 Implicit null exception at 0x0000025c9fa150ac to 0x0000025c9fa150eb
Event: 29.215 Thread 0x0000025cb6014000 Exception <a 'sun/nio/fs/WindowsException'{0x000000008e9e5cb0}> (0x000000008e9e5cb0) thrown at [./src/hotspot/share/prims/jni.cpp, line 615]
Event: 29.215 Thread 0x0000025cb6014000 Exception <a 'sun/nio/fs/WindowsException'{0x000000008e9e6d98}> (0x000000008e9e6d98) thrown at [./src/hotspot/share/prims/jni.cpp, line 615]
Event: 29.668 Thread 0x0000025cb6014000 Exception <a 'java/lang/reflect/InvocationTargetException'{0x000000008d8fc8e8}> (0x000000008d8fc8e8) thrown at [./src/hotspot/share/runtime/reflection.cpp, line 1247]
Event: 29.673 Thread 0x0000025cb11f7800 Exception <a 'java/lang/NoSuchMethodError'{0x000000008d528520}: <clinit>> (0x000000008d528520) thrown at [./src/hotspot/share/prims/jni.cpp, line 1362]
Event: 29.675 Thread 0x0000025cb11f7800 Exception <a 'java/lang/NoSuchMethodError'{0x000000008d538f60}: <clinit>> (0x000000008d538f60) thrown at [./src/hotspot/share/prims/jni.cpp, line 1362]
Event: 29.703 Thread 0x0000025cb0f58800 Implicit null exception at 0x0000025c9fc1fd4d to 0x0000025c9fc20514
Event: 29.712 Thread 0x0000025cb0f58800 Exception <a 'java/lang/NoSuchMethodError'{0x000000008d390a20}: 'java.lang.Object java.lang.invoke.DirectMethodHandle$Holder.invokeSpecial(java.lang.Object, java.lang.Object, java.lang.Object, int, int, java.lang.Object, java.lang.Object)'> (0x000000008d390a20) thrown at [./src/hotspot/share/interpreter/linkResolver.cpp, line 773]
Event: 29.712 Thread 0x0000025cb0f58800 Exception <a 'java/lang/NoSuchMethodError'{0x000000008d399b90}: 'java.lang.Object java.lang.invoke.DirectMethodHandle$Holder.invokeStatic(java.lang.Object, java.lang.Object, java.lang.Object, int, int, java.lang.Object)'> (0x000000008d399b90) thrown at [./src/hotspot/share/interpreter/linkResolver.cpp, line 773]
Event: 29.713 Thread 0x0000025cb0f58800 Exception <a 'java/lang/NoSuchMethodError'{0x000000008d39d8b0}: 'java.lang.Object java.lang.invoke.DirectMethodHandle$Holder.invokeSpecial(java.lang.Object, java.lang.Object, java.lang.Object, java.lang.Object, int, int, java.lang.Object)'> (0x000000008d39d8b0) thrown at [./src/hotspot/share/interpreter/linkResolver.cpp, line 773]
Event: 29.713 Thread 0x0000025cb0f58800 Exception <a 'java/lang/NoSuchMethodError'{0x000000008d3a0dd0}: 'java.lang.Object java.lang.invoke.Invokers$Holder.linkToTargetMethod(java.lang.Object, java.lang.Object, int, int, java.lang.Object, java.lang.Object)'> (0x000000008d3a0dd0) thrown at [./src/hotspot/share/interpreter/linkResolver.cpp, line 773]
Event: 29.797 Thread 0x0000025cb0c5f800 Exception <a 'java/lang/NoSuchMethodError'{0x000000008c6d1320}: <clinit>> (0x000000008c6d1320) thrown at [./src/hotspot/share/prims/jni.cpp, line 1362]
Event: 29.797 Thread 0x0000025cb0c5f800 Exception <a 'java/lang/NoSuchMethodError'{0x000000008c515298}: <clinit>> (0x000000008c515298) thrown at [./src/hotspot/share/prims/jni.cpp, line 1362]
Event: 29.797 Thread 0x0000025cb0c5f800 Exception <a 'java/lang/NoSuchMethodError'{0x000000008c516980}: <clinit>> (0x000000008c516980) thrown at [./src/hotspot/share/prims/jni.cpp, line 1362]
Event: 29.798 Thread 0x0000025cb0c5f800 Exception <a 'java/lang/NoSuchMethodError'{0x000000008c528ab0}: <clinit>> (0x000000008c528ab0) thrown at [./src/hotspot/share/prims/jni.cpp, line 1362]
Event: 29.798 Thread 0x0000025cb0c5f800 Exception <a 'java/lang/NoSuchMethodError'{0x000000008c534c00}: <clinit>> (0x000000008c534c00) thrown at [./src/hotspot/share/prims/jni.cpp, line 1362]
Event: 60.696 Thread 0x0000025cb0f58800 Exception <a 'sun/nio/fs/WindowsException'{0x0000000089c53490}> (0x0000000089c53490) thrown at [./src/hotspot/share/prims/jni.cpp, line 615]
Event: 60.887 Thread 0x0000025cb8b45000 Implicit null exception at 0x0000025c9fb8bd72 to 0x0000025c9fb8c0ec
Event: 60.953 Thread 0x0000025cb8b4b800 Exception <a 'sun/nio/fs/WindowsException'{0x000000008c794700}> (0x000000008c794700) thrown at [./src/hotspot/share/prims/jni.cpp, line 615]
Event: 60.953 Thread 0x0000025cb8b4b800 Exception <a 'sun/nio/fs/WindowsException'{0x000000008c795320}> (0x000000008c795320) thrown at [./src/hotspot/share/prims/jni.cpp, line 615]

Events (20 events):
Event: 61.489 loading class sun/net/spi/DefaultProxySelector$NonProxyInfo
Event: 61.489 loading class sun/net/spi/DefaultProxySelector$NonProxyInfo done
Event: 61.489 loading class sun/net/spi/DefaultProxySelector$4
Event: 61.489 loading class sun/net/spi/DefaultProxySelector$4 done
Event: 61.489 loading class sun/rmi/transport/tcp/TCPConnection
Event: 61.490 loading class sun/rmi/transport/Connection
Event: 61.490 loading class sun/rmi/transport/Connection done
Event: 61.490 loading class sun/rmi/transport/tcp/TCPConnection done
Event: 61.490 loading class java/net/Socket$3
Event: 61.490 loading class java/net/Socket$3 done
Event: 61.490 loading class java/net/SocketOutputStream
Event: 61.490 loading class java/net/SocketOutputStream done
Event: 61.490 Executing VM operation: Deoptimize
Event: 61.491 Executing VM operation: Deoptimize done
Event: 61.491 Executing VM operation: RevokeBias
Event: 61.491 Executing VM operation: RevokeBias done
Event: 61.492 loading class java/net/Socket$2
Event: 61.492 loading class java/net/Socket$2 done
Event: 61.492 loading class java/net/SocketInputStream
Event: 61.492 loading class java/net/SocketInputStream done


Dynamic libraries:
0x00007ff74f890000 - 0x00007ff74f89a000 	D:\Android\Android Studio\jre\bin\java.exe
0x00007ffc5d950000 - 0x00007ffc5db45000 	C:\Windows\SYSTEM32\ntdll.dll
0x00007ffc5d850000 - 0x00007ffc5d90d000 	C:\Windows\System32\KERNEL32.DLL
0x00007ffc5b270000 - 0x00007ffc5b539000 	C:\Windows\System32\KERNELBASE.dll
0x00007ffc5b650000 - 0x00007ffc5b750000 	C:\Windows\System32\ucrtbase.dll
0x00007ffc4cd40000 - 0x00007ffc4cd59000 	D:\Android\Android Studio\jre\bin\jli.dll
0x00007ffc4b800000 - 0x00007ffc4b817000 	D:\Android\Android Studio\jre\bin\VCRUNTIME140.dll
0x00007ffc5cea0000 - 0x00007ffc5d040000 	C:\Windows\System32\USER32.dll
0x00007ffc5b990000 - 0x00007ffc5b9b2000 	C:\Windows\System32\win32u.dll
0x00007ffc456b0000 - 0x00007ffc4594a000 	C:\Windows\WinSxS\amd64_microsoft.windows.common-controls_6595b64144ccf1df_6.0.19041.1110_none_60b5254171f9507e\COMCTL32.dll
0x00007ffc5ce70000 - 0x00007ffc5ce9a000 	C:\Windows\System32\GDI32.dll
0x00007ffc5b9c0000 - 0x00007ffc5ba5e000 	C:\Windows\System32\msvcrt.dll
0x00007ffc5b540000 - 0x00007ffc5b64b000 	C:\Windows\System32\gdi32full.dll
0x00007ffc5b090000 - 0x00007ffc5b12d000 	C:\Windows\System32\msvcp_win.dll
0x00007ffc5d5e0000 - 0x00007ffc5d610000 	C:\Windows\System32\IMM32.DLL
0x00007ffc31a10000 - 0x00007ffc31aad000 	D:\Android\Android Studio\jre\bin\msvcp140.dll
0x00007ffc2b7f0000 - 0x00007ffc2c2ac000 	D:\Android\Android Studio\jre\bin\server\jvm.dll
0x00007ffc5d7a0000 - 0x00007ffc5d84c000 	C:\Windows\System32\ADVAPI32.dll
0x00007ffc5d700000 - 0x00007ffc5d79b000 	C:\Windows\System32\sechost.dll
0x00007ffc5cc00000 - 0x00007ffc5cd2a000 	C:\Windows\System32\RPCRT4.dll
0x00007ffc5d4b0000 - 0x00007ffc5d4b8000 	C:\Windows\System32\PSAPI.DLL
0x00007ffc56030000 - 0x00007ffc5603a000 	C:\Windows\SYSTEM32\VERSION.dll
0x00007ffc46050000 - 0x00007ffc46077000 	C:\Windows\SYSTEM32\WINMM.dll
0x00007ffc56cc0000 - 0x00007ffc56cc9000 	C:\Windows\SYSTEM32\WSOCK32.dll
0x00007ffc5d4c0000 - 0x00007ffc5d52b000 	C:\Windows\System32\WS2_32.dll
0x00007ffc58fe0000 - 0x00007ffc58ff2000 	C:\Windows\SYSTEM32\kernel.appcore.dll
0x00007ffc56ca0000 - 0x00007ffc56cb1000 	D:\Android\Android Studio\jre\bin\verify.dll
0x00007ffc553c0000 - 0x00007ffc555a4000 	C:\Windows\SYSTEM32\DBGHELP.DLL
0x00007ffc45f60000 - 0x00007ffc45f8c000 	C:\Windows\SYSTEM32\dbgcore.DLL
0x00007ffc5b1e0000 - 0x00007ffc5b263000 	C:\Windows\System32\bcryptPrimitives.dll
0x00007ffc56c00000 - 0x00007ffc56c29000 	D:\Android\Android Studio\jre\bin\java.dll
0x00007ffc56c90000 - 0x00007ffc56c9b000 	D:\Android\Android Studio\jre\bin\jimage.dll
0x00007ffc56be0000 - 0x00007ffc56bf8000 	D:\Android\Android Studio\jre\bin\zip.dll
0x00007ffc5c230000 - 0x00007ffc5c96f000 	C:\Windows\System32\SHELL32.dll
0x00007ffc591e0000 - 0x00007ffc59971000 	C:\Windows\SYSTEM32\windows.storage.dll
0x00007ffc5ba60000 - 0x00007ffc5bdb5000 	C:\Windows\System32\combase.dll
0x00007ffc5aa30000 - 0x00007ffc5aa5c000 	C:\Windows\SYSTEM32\Wldp.dll
0x00007ffc5d530000 - 0x00007ffc5d5de000 	C:\Windows\System32\SHCORE.dll
0x00007ffc5cba0000 - 0x00007ffc5cbf5000 	C:\Windows\System32\shlwapi.dll
0x00007ffc5afd0000 - 0x00007ffc5afef000 	C:\Windows\SYSTEM32\profapi.dll
0x00007ffc56bc0000 - 0x00007ffc56bda000 	D:\Android\Android Studio\jre\bin\net.dll
0x00007ffc54970000 - 0x00007ffc54a7a000 	C:\Windows\SYSTEM32\WINHTTP.dll
0x00007ffc5a790000 - 0x00007ffc5a7fa000 	C:\Windows\system32\mswsock.dll
0x00007ffc56ba0000 - 0x00007ffc56bb4000 	D:\Android\Android Studio\jre\bin\nio.dll
0x00007ffc4c680000 - 0x00007ffc4c6a7000 	C:\Users\Admin\.gradle\native\fdc75f09e3144964f2cf3f50f0aa648679c211496f362492102eb8c894070792\windows-amd64\native-platform.dll
0x00007ffc31800000 - 0x00007ffc31996000 	C:\Users\Admin\.gradle\native\12488b8bf47d2d4c9fbf2f6322a914ad602e24e48041cd04a747c6da556b65c4\windows-amd64\native-platform-file-events.dll
0x00007ffc56c80000 - 0x00007ffc56c8a000 	D:\Android\Android Studio\jre\bin\management.dll
0x00007ffc56c50000 - 0x00007ffc56c5c000 	D:\Android\Android Studio\jre\bin\management_ext.dll
0x00007ffc5a980000 - 0x00007ffc5a998000 	C:\Windows\SYSTEM32\CRYPTSP.dll
0x00007ffc5a130000 - 0x00007ffc5a164000 	C:\Windows\system32\rsaenh.dll
0x00007ffc5b7a0000 - 0x00007ffc5b7c7000 	C:\Windows\System32\bcrypt.dll
0x00007ffc5af90000 - 0x00007ffc5afbe000 	C:\Windows\SYSTEM32\USERENV.dll
0x00007ffc5a970000 - 0x00007ffc5a97c000 	C:\Windows\SYSTEM32\CRYPTBASE.dll
0x00007ffc5a480000 - 0x00007ffc5a4bb000 	C:\Windows\SYSTEM32\IPHLPAPI.DLL
0x00007ffc5ce60000 - 0x00007ffc5ce68000 	C:\Windows\System32\NSI.dll
0x00007ffc553a0000 - 0x00007ffc553b7000 	C:\Windows\SYSTEM32\dhcpcsvc6.DLL
0x00007ffc55380000 - 0x00007ffc5539d000 	C:\Windows\SYSTEM32\dhcpcsvc.DLL
0x00007ffc5a4c0000 - 0x00007ffc5a58c000 	C:\Windows\SYSTEM32\DNSAPI.dll
0x00007ffc555b0000 - 0x00007ffc555bb000 	C:\Windows\SYSTEM32\WINNSI.DLL
0x00007ffc4c450000 - 0x00007ffc4c46e000 	C:\Users\Admin\AppData\Local\Temp\native-platform7646624356535237026dir\native-platform.dll

dbghelp: loaded successfully - version: 4.0.5 - missing functions: none
symbol engine: initialized successfully - sym options: 0x614 - pdb path: .;D:\Android\Android Studio\jre\bin;C:\Windows\SYSTEM32;C:\Windows\WinSxS\amd64_microsoft.windows.common-controls_6595b64144ccf1df_6.0.19041.1110_none_60b5254171f9507e;D:\Android\Android Studio\jre\bin\server;C:\Users\Admin\.gradle\native\fdc75f09e3144964f2cf3f50f0aa648679c211496f362492102eb8c894070792\windows-amd64;C:\Users\Admin\.gradle\native\12488b8bf47d2d4c9fbf2f6322a914ad602e24e48041cd04a747c6da556b65c4\windows-amd64;C:\Users\Admin\AppData\Local\Temp\native-platform7646624356535237026dir

VM Arguments:
jvm_args: --add-opens=java.base/java.util=ALL-UNNAMED --add-opens=java.base/java.lang=ALL-UNNAMED --add-opens=java.base/java.lang.invoke=ALL-UNNAMED --add-opens=java.prefs/java.util.prefs=ALL-UNNAMED -Xmx2048m -Dfile.encoding=UTF-8 -Duser.country=CN -Duser.language=zh -Duser.variant 
java_command: org.gradle.launcher.daemon.bootstrap.GradleDaemon 6.7.1
java_class_path (initial): C:\Users\Admin\.gradle\wrapper\dists\gradle-6.7.1-bin\bwlcbys1h7rz3272sye1xwiv6\gradle-6.7.1\lib\gradle-launcher-6.7.1.jar
Launcher Type: SUN_STANDARD

[Global flags]
     intx CICompilerCount                          = 4                                         {product} {ergonomic}
     uint ConcGCThreads                            = 3                                         {product} {ergonomic}
     uint G1ConcRefinementThreads                  = 10                                        {product} {ergonomic}
   size_t G1HeapRegionSize                         = 1048576                                   {product} {ergonomic}
    uintx GCDrainStackTargetSize                   = 64                                        {product} {ergonomic}
   size_t InitialHeapSize                          = 268435456                                 {product} {ergonomic}
   size_t MarkStackSize                            = 4194304                                   {product} {ergonomic}
   size_t MaxHeapSize                              = 2147483648                                {product} {command line}
   size_t MaxNewSize                               = 1287651328                                {product} {ergonomic}
   size_t MinHeapDeltaBytes                        = 1048576                                   {product} {ergonomic}
    uintx NonNMethodCodeHeapSize                   = 5836300                                {pd product} {ergonomic}
    uintx NonProfiledCodeHeapSize                  = 122910970                              {pd product} {ergonomic}
    uintx ProfiledCodeHeapSize                     = 122910970                              {pd product} {ergonomic}
    uintx ReservedCodeCacheSize                    = 251658240                              {pd product} {ergonomic}
     bool SegmentedCodeCache                       = true                                      {product} {ergonomic}
     bool UseCompressedClassPointers               = true                                 {lp64_product} {ergonomic}
     bool UseCompressedOops                        = true                                 {lp64_product} {ergonomic}
     bool UseG1GC                                  = true                                      {product} {ergonomic}
     bool UseLargePagesIndividualAllocation        = false                                  {pd product} {ergonomic}

Logging:
Log output configuration:
 #0: stdout all=warning uptime,level,tags
 #1: stderr all=off uptime,level,tags

Environment Variables:
PATH=C:\Windows\system32;C:\Windows;C:\Windows\System32\Wbem;C:\Windows\System32\WindowsPowerShell\v1.0\;C:\Windows\System32\OpenSSH\;D:\Git\cmd;D:\Subversion\bin;D:\TortoiseSVN\bin;"C:\Windows\system32;";"C:\Windows;";"C:\Windows\System32\Wbem;";D:\Python\Python39;C:\Users\Admin\AppData\Local\Android\Sdk\platform-tools;C:\Users\Admin\AppData\Local\Microsoft\WindowsApps;
USERNAME=Admin
OS=Windows_NT
PROCESSOR_IDENTIFIER=Intel64 Family 6 Model 165 Stepping 3, GenuineIntel



---------------  S Y S T E M  ---------------

OS: Windows 10 , 64 bit Build 19041 (10.0.19041.1023)
OS uptime: 4 days 5:00 hours

CPU:total 12 (initial active 12) (6 cores per cpu, 2 threads per core) family 6 model 165 stepping 3, cmov, cx8, fxsr, mmx, sse, sse2, sse3, ssse3, sse4.1, sse4.2, popcnt, avx, avx2, aes, clmul, erms, 3dnowpref, lzcnt, ht, tsc, tscinvbit, bmi1, bmi2, adx, fma

Memory: 4k page, system-wide physical 16313M (294M free)
TotalPageFile size 24505M (AvailPageFile size 0M)
current process WorkingSet (physical memory assigned to process): 528M, peak: 532M
current process commit charge ("private bytes"): 578M, peak: 583M

vm_info: OpenJDK 64-Bit Server VM (11.0.8+10-b944.6842174) for windows-amd64 JRE (11.0.8+10-b944.6842174), built on Sep 19 2020 01:11:42 by "builder" with MS VC++ 14.0 (VS2015)

END.
